<?xml version="1.0" encoding="UTF-8"?>
<robot generator="Robot 3.2.2 (Python 3.9.1 on darwin)" generated="20220711 21:50:30.012" rpa="false">
<suite id="s1" name="18.Api-Integrate-Mobile" source="/Users/patcharapol/Documents/GitHub/eKYC_preprod/api-ekyc/Test case/18.api-integrate-mobile.robot">
<kw name="Generate_Partner_Secret" library="Generate_Partner_Secret_page" type="setup">
<kw name="Run Process" library="Process">
<doc>Runs a process and waits for it to complete.</doc>
<arguments>
<arg>java</arg>
<arg>-jar</arg>
<arg>${PATH_JAR_PARTNER}</arg>
<arg>TCMB</arg>
<arg>partner-secret</arg>
<arg>preprod</arg>
<arg>file</arg>
<arg>file</arg>
<arg>alias=myproc</arg>
</arguments>
<msg timestamp="20220711 21:50:30.571" level="INFO">Starting process:
java -jar tcrb-ekyc-partner-1.8.jar TCMB partner-secret preprod file file</msg>
<msg timestamp="20220711 21:50:30.576" level="INFO">Waiting for process to complete.</msg>
<msg timestamp="20220711 21:50:30.748" level="INFO">Process completed.</msg>
<status status="PASS" starttime="20220711 21:50:30.570" endtime="20220711 21:50:30.748"></status>
</kw>
<kw name="Get File" library="OperatingSystem">
<doc>Returns the contents of a specified file.</doc>
<arguments>
<arg>partner_secret.txt</arg>
</arguments>
<assign>
<var>${TextFileContent}</var>
</assign>
<msg timestamp="20220711 21:50:30.749" level="INFO" html="yes">Getting file '&lt;a href="file:///Users/patcharapol/Documents/GitHub/eKYC_preprod/partner_secret.txt"&gt;/Users/patcharapol/Documents/GitHub/eKYC_preprod/partner_secret.txt&lt;/a&gt;'.</msg>
<msg timestamp="20220711 21:50:30.749" level="INFO">${TextFileContent} = AW3oQwpisIy6laWdlvBHF+fJqZLqN7QUjOBKfII9oayByF5CLg5ptDGZ8+9l8uJ+Q6kXahIgdLLMMozak5CHAdgFWp6ihP2aMkBnSFWUss8mnmUT2zEq9En3Pn6PP51NULKhMJpqWcDRu2M/TW3t3vQc3A/CggLftYq3seC4adxowO07g3MCihSONFfQB3oEXVR9T8qG...</msg>
<status status="PASS" starttime="20220711 21:50:30.749" endtime="20220711 21:50:30.749"></status>
</kw>
<kw name="Set Global Variable" library="BuiltIn">
<doc>Makes a variable available globally in all tests and suites.</doc>
<arguments>
<arg>${GET_PARTNER_SECRET}</arg>
<arg>${TextFileContent}</arg>
</arguments>
<msg timestamp="20220711 21:50:30.752" level="INFO">${GET_PARTNER_SECRET} = AW3oQwpisIy6laWdlvBHF+fJqZLqN7QUjOBKfII9oayByF5CLg5ptDGZ8+9l8uJ+Q6kXahIgdLLMMozak5CHAdgFWp6ihP2aMkBnSFWUss8mnmUT2zEq9En3Pn6PP51NULKhMJpqWcDRu2M/TW3t3vQc3A/CggLftYq3seC4adxowO07g3MCihSONFfQB3oEXVR9T8qG...</msg>
<status status="PASS" starttime="20220711 21:50:30.750" endtime="20220711 21:50:30.753"></status>
</kw>
<status status="PASS" starttime="20220711 21:50:30.569" endtime="20220711 21:50:30.753"></status>
</kw>
<test id="s1-t1" name="Test_Check_Last_Version_9">
<kw name="Process_Set_Facial_temp_lock" library="Connect_database_page">
<arguments>
<arg>1100600292875</arg>
</arguments>
<kw name="Gen_cid_hash" library="Connect_database_page">
<arguments>
<arg>${cid}</arg>
</arguments>
<kw name="Run Process" library="Process">
<doc>Runs a process and waits for it to complete.</doc>
<arguments>
<arg>java</arg>
<arg>-jar</arg>
<arg>${PATH_JAR_PARTNER}</arg>
<arg>hash</arg>
<arg>${cid}</arg>
<arg>file</arg>
<arg>file</arg>
<arg>alias=myproc</arg>
</arguments>
<msg timestamp="20220711 21:50:30.756" level="INFO">Starting process:
java -jar tcrb-ekyc-partner-1.8.jar hash 1100600292875 file file</msg>
<msg timestamp="20220711 21:50:30.761" level="INFO">Waiting for process to complete.</msg>
<msg timestamp="20220711 21:50:30.858" level="INFO">Process completed.</msg>
<status status="PASS" starttime="20220711 21:50:30.756" endtime="20220711 21:50:30.858"></status>
</kw>
<kw name="Get File" library="OperatingSystem">
<doc>Returns the contents of a specified file.</doc>
<arguments>
<arg>hashing.txt</arg>
</arguments>
<assign>
<var>${TextFileContent}</var>
</assign>
<msg timestamp="20220711 21:50:30.860" level="INFO" html="yes">Getting file '&lt;a href="file:///Users/patcharapol/Documents/GitHub/eKYC_preprod/hashing.txt"&gt;/Users/patcharapol/Documents/GitHub/eKYC_preprod/hashing.txt&lt;/a&gt;'.</msg>
<msg timestamp="20220711 21:50:30.860" level="INFO">${TextFileContent} = 88d903cf1259372980ec75cb3117a215a10f5ba040d33e64fc04164379e9fad1</msg>
<status status="PASS" starttime="20220711 21:50:30.859" endtime="20220711 21:50:30.860"></status>
</kw>
<kw name="Set Global Variable" library="BuiltIn">
<doc>Makes a variable available globally in all tests and suites.</doc>
<arguments>
<arg>${GET_CID_HASH}</arg>
<arg>${TextFileContent}</arg>
</arguments>
<msg timestamp="20220711 21:50:30.863" level="INFO">${GET_CID_HASH} = 88d903cf1259372980ec75cb3117a215a10f5ba040d33e64fc04164379e9fad1</msg>
<status status="PASS" starttime="20220711 21:50:30.860" endtime="20220711 21:50:30.863"></status>
</kw>
<status status="PASS" starttime="20220711 21:50:30.755" endtime="20220711 21:50:30.863"></status>
</kw>
<kw name="Set_Facial_temp_lock" library="Connect_database_page">
<arguments>
<arg>${GET_CID_HASH}</arg>
</arguments>
<kw name="Connect To Database" library="DatabaseLibrary">
<doc>Loads the DB API 2.0 module given `dbapiModuleName` then uses it to
connect to the database using `dbName`, `dbUsername`, and `dbPassword`.</doc>
<arguments>
<arg>psycopg2</arg>
<arg>${DBName}</arg>
<arg>${DBUser}</arg>
<arg>${DBPass}</arg>
<arg>${DBHost}</arg>
<arg>${DBPort}</arg>
</arguments>
<msg timestamp="20220711 21:50:30.876" level="INFO">Connecting using : psycopg2.connect(database=bot_v2, user=postgres, password=RDBtxjPqaOmrasU4uNi2, host=tcrb-bot-pprd-db.cluster-cnu8aurcdwzj.ap-southeast-1.rds.amazonaws.com, port=5432) </msg>
<status status="PASS" starttime="20220711 21:50:30.864" endtime="20220711 21:50:31.173"></status>
</kw>
<kw name="Execute Sql String" library="DatabaseLibrary">
<doc>Executes the sqlString as SQL commands. Useful to pass arguments to your sql. Set optional input `sansTran` to
True to run command without an explicit transaction commit or rollback.</doc>
<arguments>
<arg>UPDATE image_db.customer_facial_lock SET temporary_lock=true WHERE cid_hash='${input_cid_hash}'</arg>
</arguments>
<msg timestamp="20220711 21:50:31.174" level="INFO">Executing : Execute SQL String  |  UPDATE image_db.customer_facial_lock SET temporary_lock=true WHERE cid_hash='88d903cf1259372980ec75cb3117a215a10f5ba040d33e64fc04164379e9fad1' </msg>
<status status="PASS" starttime="20220711 21:50:31.174" endtime="20220711 21:50:31.291"></status>
</kw>
<kw name="Disconnect From Database" library="DatabaseLibrary">
<doc>Disconnects from the database.</doc>
<msg timestamp="20220711 21:50:31.292" level="INFO">Executing : Disconnect From Database</msg>
<status status="PASS" starttime="20220711 21:50:31.292" endtime="20220711 21:50:31.292"></status>
</kw>
<status status="PASS" starttime="20220711 21:50:30.863" endtime="20220711 21:50:31.293"></status>
</kw>
<status status="PASS" starttime="20220711 21:50:30.755" endtime="20220711 21:50:31.293"></status>
</kw>
<kw name="Run Keyword And Ignore Error" library="BuiltIn">
<doc>Runs the given keyword with the given arguments and ignores possible error.</doc>
<arguments>
<arg>Api-integrate-mobile_page.Check_Last_Version</arg>
<arg>11</arg>
</arguments>
<kw name="Check_Last_Version" library="Api-integrate-mobile_page">
<arguments>
<arg>11</arg>
</arguments>
<kw name="Get_cid_excel" library="Get_data_excel">
<arguments>
<arg>${row_cid_for_Check}</arg>
<arg>check_eligible</arg>
</arguments>
<kw name="Open Excel Document" library="ExcelLibrary">
<doc>Opens xlsx document file.</doc>
<arguments>
<arg>filename=${FILE_NAME_QR}</arg>
<arg>doc_id=doc1</arg>
</arguments>
<status status="PASS" starttime="20220711 21:50:31.298" endtime="20220711 21:50:31.382"></status>
</kw>
<kw name="Read Excel Cell" library="ExcelLibrary">
<doc>Returns content of a cell.</doc>
<arguments>
<arg>row_num=${row}</arg>
<arg>col_num=3</arg>
<arg>sheet_name=${input_sheet_name}</arg>
</arguments>
<assign>
<var>${get_cid}</var>
</assign>
<msg timestamp="20220711 21:50:31.383" level="INFO">${get_cid} = 0I8SfCnkwkptBl1Z50x6mYNe0lbdJCRxMApy/0EMeYFwu59LCQxgxs4=</msg>
<status status="PASS" starttime="20220711 21:50:31.382" endtime="20220711 21:50:31.383"></status>
</kw>
<kw name="Set Global Variable" library="BuiltIn">
<doc>Makes a variable available globally in all tests and suites.</doc>
<arguments>
<arg>${GET_CID}</arg>
<arg>${get_cid}</arg>
</arguments>
<msg timestamp="20220711 21:50:31.383" level="INFO">${GET_CID} = 0I8SfCnkwkptBl1Z50x6mYNe0lbdJCRxMApy/0EMeYFwu59LCQxgxs4=</msg>
<status status="PASS" starttime="20220711 21:50:31.383" endtime="20220711 21:50:31.383"></status>
</kw>
<kw name="Close All Excel Documents" library="ExcelLibrary">
<doc>Closes all opened documents.</doc>
<status status="PASS" starttime="20220711 21:50:31.384" endtime="20220711 21:50:31.384"></status>
</kw>
<status status="PASS" starttime="20220711 21:50:31.296" endtime="20220711 21:50:31.384"></status>
</kw>
<kw name="Set To Dictionary" library="Collections">
<doc>Adds the given ``key_value_pairs`` and ``items`` to the ``dictionary``.</doc>
<arguments>
<arg>${HEADER_API_INTEGRATE_MOBILE}</arg>
<arg>partner-secret=${GET_PARTNER_SECRET}</arg>
</arguments>
<status status="PASS" starttime="20220711 21:50:31.384" endtime="20220711 21:50:31.385"></status>
</kw>
<kw name="Create Session" library="RequestsLibrary">
<doc>Create Session: create a HTTP session to a server</doc>
<arguments>
<arg>alias=${ALIAS}</arg>
<arg>url=${BOT_CORE_SERVICE}</arg>
</arguments>
<msg timestamp="20220711 21:50:31.385" level="INFO">Creating Session using : alias=eKYC, url=https://api-preprod.tcrb-onlinebanking-privated-bottech.com, headers={},                     cookies={}, auth=None, timeout=None, proxies=None, verify=False,                     debug=0 </msg>
<status status="PASS" starttime="20220711 21:50:31.385" endtime="20220711 21:50:31.386"></status>
</kw>
<kw name="Get On Session" library="RequestsLibrary">
<doc>Sends a GET request on a previously created HTTP Session.</doc>
<arguments>
<arg>alias=${ALIAS}</arg>
<arg>url=/tcrb-platform-apipartner/v1/customer/kyc_status?cid=${GET_CID}&amp;ial=2.3</arg>
<arg>headers=&amp;{HEADER_API_INTEGRATE_MOBILE}</arg>
<arg>expected_status=anything</arg>
</arguments>
<assign>
<var>${response}</var>
</assign>
<msg timestamp="20220711 21:50:34.873" level="INFO">GET Request : url=https://api-preprod.tcrb-onlinebanking-privated-bottech.com/tcrb-platform-apipartner/v1/customer/kyc_status?cid=0I8SfCnkwkptBl1Z50x6mYNe0lbdJCRxMApy/0EMeYFwu59LCQxgxs4=&amp;ial=2.3 
 path_url=/tcrb-platform-apipartner/v1/customer/kyc_status?cid=0I8SfCnkwkptBl1Z50x6mYNe0lbdJCRxMApy/0EMeYFwu59LCQxgxs4=&amp;ial=2.3 
 headers={'User-Agent': 'python-requests/2.25.1', 'Accept-Encoding': 'gzip, deflate', 'Accept': '*/*', 'Connection': 'keep-alive', 'X-Correlation-Id': 'aaaaaaaa', 'partner-code': 'TCMB', 'partner-secret': 'AW3oQwpisIy6laWdlvBHF+fJqZLqN7QUjOBKfII9oayByF5CLg5ptDGZ8+9l8uJ+Q6kXahIgdLLMMozak5CHAdgFWp6ihP2aMkBnSFWUss8mnmUT2zEq9En3Pn6PP51NULKhMJpqWcDRu2M/TW3t3vQc3A/CggLftYq3seC4adxowO07g3MCihSONFfQB3oEXVR9T8qGC6alvkAGFNHXMttVJ3E4LkI6l576+wlxbfnQkmd51p6TufiudEB6Cio=', 'x-apigw-api-id': 'es59o179ie'} 
 body=None 
 </msg>
<msg timestamp="20220711 21:50:34.874" level="INFO">GET Response : url=https://api-preprod.tcrb-onlinebanking-privated-bottech.com/tcrb-platform-apipartner/v1/customer/kyc_status?cid=0I8SfCnkwkptBl1Z50x6mYNe0lbdJCRxMApy/0EMeYFwu59LCQxgxs4=&amp;ial=2.3 
 status=200, reason=OK 
 headers={'Date': 'Mon, 11 Jul 2022 14:50:34 GMT', 'Content-Type': 'application/json', 'Content-Length': '816', 'Connection': 'keep-alive', 'Server': 'Server', 'x-amzn-RequestId': '28c15c3d-d47a-4acb-ae2a-7155553c0096', 'x-amz-apigw-id': 'VG3MtEkcSQ0FRqA=', 'X-Amzn-Trace-Id': 'Root=1-62cc38b7-2e8fa1e67f053dbd2b258929'} 
 body={"status":{"code":"2025","message":"Customer Temporary Locked","remark":"","user_code":"E0017","user_message_en":"Your profile has been locked due to reached maximum face recognition attempts.&lt;br/&gt;Please call customer care to unlock. 02-697-5454","user_message_th":"โปรไฟล์ของคุณถูกล็อค เนื่องจากการพยายามเปรียบเทียบใบหน้าถึงขีดจำกัดแล้ว&lt;br/&gt;กรุณาโทรติดต่อฝ่ายดูแลลูกค้าเพื่อปลดล็อค 02-697-5454"},"data":{"consent_internal_version":"CS.20220705.0001","consent_onetrust_version":"30","consent_date":"2022-07-11 21:12:02.695","consent_status":"ACTIVE","transaction_date":"2022-07-11 21:11:27.797"}} 
 </msg>
<msg timestamp="20220711 21:50:34.874" level="INFO">/Library/Frameworks/Python.framework/Versions/3.9/lib/python3.9/site-packages/urllib3/connectionpool.py:1013: InsecureRequestWarning: Unverified HTTPS request is being made to host 'api-preprod.tcrb-onlinebanking-privated-bottech.com'. Adding certificate verification is strongly advised. See: https://urllib3.readthedocs.io/en/latest/advanced-usage.html#ssl-warnings
  warnings.warn(</msg>
<msg timestamp="20220711 21:50:34.874" level="INFO">${response} = &lt;Response [200]&gt;</msg>
<status status="PASS" starttime="20220711 21:50:31.386" endtime="20220711 21:50:34.874"></status>
</kw>
<kw name="Log To Console" library="BuiltIn">
<doc>Logs the given message to the console.</doc>
<arguments>
<arg>${response.json()["status"]["code"]}</arg>
</arguments>
<status status="PASS" starttime="20220711 21:50:34.875" endtime="20220711 21:50:34.876"></status>
</kw>
<kw name="Set Global Variable" library="BuiltIn">
<doc>Makes a variable available globally in all tests and suites.</doc>
<arguments>
<arg>${RESPONSE_CODE}</arg>
<arg>${response.json()["status"]["code"]}</arg>
</arguments>
<msg timestamp="20220711 21:50:34.881" level="INFO">${RESPONSE_CODE} = 2025</msg>
<status status="PASS" starttime="20220711 21:50:34.876" endtime="20220711 21:50:34.881"></status>
</kw>
<kw name="Set Global Variable" library="BuiltIn">
<doc>Makes a variable available globally in all tests and suites.</doc>
<arguments>
<arg>${RESPONSE_MESSAGE}</arg>
<arg>${response.json()["status"]["message"]}</arg>
</arguments>
<msg timestamp="20220711 21:50:34.887" level="INFO">${RESPONSE_MESSAGE} = Customer Temporary Locked</msg>
<status status="PASS" starttime="20220711 21:50:34.881" endtime="20220711 21:50:34.887"></status>
</kw>
<kw name="Set Global Variable" library="BuiltIn">
<doc>Makes a variable available globally in all tests and suites.</doc>
<arguments>
<arg>${RESPONSE_REMARK}</arg>
<arg>${response.json()["status"]["remark"]}</arg>
</arguments>
<msg timestamp="20220711 21:50:34.891" level="INFO">${RESPONSE_REMARK} = </msg>
<status status="PASS" starttime="20220711 21:50:34.887" endtime="20220711 21:50:34.891"></status>
</kw>
<kw name="Set Global Variable" library="BuiltIn">
<doc>Makes a variable available globally in all tests and suites.</doc>
<arguments>
<arg>${RESPONSE_CONSENTVERSION}</arg>
<arg>${response.json()["data"]["consent_onetrust_version"]}</arg>
</arguments>
<msg timestamp="20220711 21:50:34.895" level="INFO">${RESPONSE_CONSENTVERSION} = 30</msg>
<status status="PASS" starttime="20220711 21:50:34.891" endtime="20220711 21:50:34.895"></status>
</kw>
<kw name="Set Global Variable" library="BuiltIn">
<doc>Makes a variable available globally in all tests and suites.</doc>
<arguments>
<arg>${RESPONSE_API}</arg>
<arg>${response.content}</arg>
</arguments>
<msg timestamp="20220711 21:50:34.898" level="INFO">${RESPONSE_API} = {"status":{"code":"2025","message":"Customer Temporary Locked","remark":"","user_code":"E0017","user_message_en":"Your profile has been locked due to reached maximum face recognition attempts.&lt;br/&gt;Ple...</msg>
<status status="PASS" starttime="20220711 21:50:34.895" endtime="20220711 21:50:34.898"></status>
</kw>
<status status="PASS" starttime="20220711 21:50:31.295" endtime="20220711 21:50:34.898"></status>
</kw>
<status status="PASS" starttime="20220711 21:50:31.294" endtime="20220711 21:50:34.898"></status>
</kw>
<kw name="Run Keyword And Ignore Error" library="BuiltIn" type="teardown">
<doc>Runs the given keyword with the given arguments and ignores possible error.</doc>
<arguments>
<arg>save_data_excel_page.Save_Result_get_eligible_bio</arg>
<arg>11</arg>
</arguments>
<kw name="Save_Result_get_eligible_bio" library="save_data_excel_page">
<arguments>
<arg>11</arg>
</arguments>
<kw name="Open Excel Document" library="ExcelLibrary">
<doc>Opens xlsx document file.</doc>
<arguments>
<arg>filename=${FILE_NAME_QR}</arg>
<arg>doc_id=doc10</arg>
</arguments>
<status status="PASS" starttime="20220711 21:50:34.900" endtime="20220711 21:50:34.974"></status>
</kw>
<kw name="Write Excel Cell" library="ExcelLibrary">
<doc>Writes value to the cell.</doc>
<arguments>
<arg>row_num=${row}</arg>
<arg>col_num=4</arg>
<arg>value=${RESPONSE_CODE}</arg>
<arg>sheet_name=check_eligible</arg>
</arguments>
<status status="PASS" starttime="20220711 21:50:34.974" endtime="20220711 21:50:34.975"></status>
</kw>
<kw name="Write Excel Cell" library="ExcelLibrary">
<doc>Writes value to the cell.</doc>
<arguments>
<arg>row_num=${row}</arg>
<arg>col_num=5</arg>
<arg>value=${RESPONSE_MESSAGE}</arg>
<arg>sheet_name=check_eligible</arg>
</arguments>
<status status="PASS" starttime="20220711 21:50:34.975" endtime="20220711 21:50:34.976"></status>
</kw>
<kw name="Write Excel Cell" library="ExcelLibrary">
<doc>Writes value to the cell.</doc>
<arguments>
<arg>row_num=${row}</arg>
<arg>col_num=6</arg>
<arg>value=${RESPONSE_REMARK}</arg>
<arg>sheet_name=check_eligible</arg>
</arguments>
<status status="PASS" starttime="20220711 21:50:34.976" endtime="20220711 21:50:34.976"></status>
</kw>
<kw name="Write Excel Cell" library="ExcelLibrary">
<doc>Writes value to the cell.</doc>
<arguments>
<arg>row_num=${row}</arg>
<arg>col_num=7</arg>
<arg>value=${RESPONSE_CONSENTVERSION}</arg>
<arg>sheet_name=check_eligible</arg>
</arguments>
<status status="PASS" starttime="20220711 21:50:34.977" endtime="20220711 21:50:34.977"></status>
</kw>
<kw name="Write Excel Cell" library="ExcelLibrary">
<doc>Writes value to the cell.</doc>
<arguments>
<arg>row_num=${row}</arg>
<arg>col_num=8</arg>
<arg>value=${RESPONSE_API}</arg>
<arg>sheet_name=check_eligible</arg>
</arguments>
<status status="PASS" starttime="20220711 21:50:34.977" endtime="20220711 21:50:34.978"></status>
</kw>
<kw name="Save Excel Document" library="ExcelLibrary">
<doc>Saves the current document to disk.</doc>
<arguments>
<arg>filename=${FILE_NAME_QR}</arg>
</arguments>
<status status="PASS" starttime="20220711 21:50:34.978" endtime="20220711 21:50:35.045"></status>
</kw>
<kw name="Close All Excel Documents" library="ExcelLibrary">
<doc>Closes all opened documents.</doc>
<status status="PASS" starttime="20220711 21:50:35.045" endtime="20220711 21:50:35.045"></status>
</kw>
<status status="PASS" starttime="20220711 21:50:34.899" endtime="20220711 21:50:35.045"></status>
</kw>
<status status="PASS" starttime="20220711 21:50:34.899" endtime="20220711 21:50:35.045"></status>
</kw>
<doc>ทดสอบระบบ api-check eligible bio กรณีตั้งรับ ial2.3 ลูกค้ามี ial=2.3 แต่หน้าของลูกค้าเกิด temporary lock</doc>
<tags>
<tag>Last_Versions</tag>
</tags>
<status status="PASS" starttime="20220711 21:50:30.753" endtime="20220711 21:50:35.045" critical="yes"></status>
</test>
<status status="PASS" starttime="20220711 21:50:30.014" endtime="20220711 21:50:35.046"></status>
</suite>
<statistics>
<total>
<stat pass="1" fail="0">Critical Tests</stat>
<stat pass="1" fail="0">All Tests</stat>
</total>
<tag>
<stat pass="1" fail="0">Last_Versions</stat>
</tag>
<suite>
<stat pass="1" fail="0" id="s1" name="18.Api-Integrate-Mobile">18.Api-Integrate-Mobile</stat>
</suite>
</statistics>
<errors>
</errors>
</robot>
