<?xml version="1.0" encoding="UTF-8"?>
<robot generator="Robot 3.2.2 (Python 3.9.1 on darwin)" generated="20220701 14:42:45.350" rpa="false">
<suite id="s1" name="25.Withdraw bio preprod" source="/Users/patcharapol/Documents/GitHub/eKYC_preprod/api-ekyc/Test case/25.Withdraw_bio_preprod.robot">
<test id="s1-t1" name="Start_withdraw_bio">
<kw name="Process_withDraw_bio" library="Withdraw_ial_page">
<arguments>
<arg>7233217491233</arg>
</arguments>
<kw name="Gen_cid_hash" library="Withdraw_ial_page">
<arguments>
<arg>${cid}</arg>
</arguments>
<kw name="Run Process" library="Process">
<doc>Runs a process and waits for it to complete.</doc>
<arguments>
<arg>java</arg>
<arg>-jar</arg>
<arg>${PATH_JAR}</arg>
<arg>hash</arg>
<arg>${cid}</arg>
<arg>file</arg>
<arg>file</arg>
<arg>alias=myproc</arg>
</arguments>
<msg timestamp="20220701 14:42:46.012" level="INFO">Starting process:
java -jar tcrb-ekyc-partner-1.8.jar hash 7233217491233 file file</msg>
<msg timestamp="20220701 14:42:46.018" level="INFO">Waiting for process to complete.</msg>
<msg timestamp="20220701 14:42:46.289" level="INFO">Process completed.</msg>
<status status="PASS" starttime="20220701 14:42:46.011" endtime="20220701 14:42:46.290"></status>
</kw>
<kw name="Get File" library="OperatingSystem">
<doc>Returns the contents of a specified file.</doc>
<arguments>
<arg>hashing.txt</arg>
</arguments>
<assign>
<var>${TextFileContent}</var>
</assign>
<msg timestamp="20220701 14:42:46.291" level="INFO" html="yes">Getting file '&lt;a href="file:///Users/patcharapol/Documents/GitHub/eKYC_preprod/hashing.txt"&gt;/Users/patcharapol/Documents/GitHub/eKYC_preprod/hashing.txt&lt;/a&gt;'.</msg>
<msg timestamp="20220701 14:42:46.292" level="INFO">${TextFileContent} = f1022ec15cd55ccf19dcd3058bab1eac60746faf4dcd8044ea9bccf0a79e2f58</msg>
<status status="PASS" starttime="20220701 14:42:46.291" endtime="20220701 14:42:46.292"></status>
</kw>
<kw name="Set Global Variable" library="BuiltIn">
<doc>Makes a variable available globally in all tests and suites.</doc>
<arguments>
<arg>${GET_CID_HASH}</arg>
<arg>${TextFileContent}</arg>
</arguments>
<msg timestamp="20220701 14:42:46.295" level="INFO">${GET_CID_HASH} = f1022ec15cd55ccf19dcd3058bab1eac60746faf4dcd8044ea9bccf0a79e2f58</msg>
<status status="PASS" starttime="20220701 14:42:46.292" endtime="20220701 14:42:46.295"></status>
</kw>
<status status="PASS" starttime="20220701 14:42:46.010" endtime="20220701 14:42:46.295"></status>
</kw>
<kw name="withdraw_bio" library="Withdraw_ial_page">
<arguments>
<arg>${GET_CID_HASH}</arg>
</arguments>
<kw name="Connect To Database" library="DatabaseLibrary">
<doc>Loads the DB API 2.0 module given `dbapiModuleName` then uses it to
connect to the database using `dbName`, `dbUsername`, and `dbPassword`.</doc>
<arguments>
<arg>psycopg2</arg>
<arg>${DBName}</arg>
<arg>${DBUser}</arg>
<arg>${DBPass}</arg>
<arg>${DBHost}</arg>
<arg>${DBPort}</arg>
</arguments>
<msg timestamp="20220701 14:42:46.321" level="INFO">Connecting using : psycopg2.connect(database=bot_v2, user=postgres, password=RDBtxjPqaOmrasU4uNi2, host=tcrb-bot-pprd-db.cluster-cnu8aurcdwzj.ap-southeast-1.rds.amazonaws.com, port=5432) </msg>
<status status="PASS" starttime="20220701 14:42:46.296" endtime="20220701 14:42:46.680"></status>
</kw>
<kw name="Execute Sql String" library="DatabaseLibrary">
<doc>Executes the sqlString as SQL commands. Useful to pass arguments to your sql. Set optional input `sansTran` to
True to run command without an explicit transaction commit or rollback.</doc>
<arguments>
<arg>UPDATE kyc_db.kyc_transaction SET ial_level='' WHERE cid_hash='${input_cid_hash}' And ial_level='2.3'</arg>
</arguments>
<msg timestamp="20220701 14:42:46.680" level="INFO">Executing : Execute SQL String  |  UPDATE kyc_db.kyc_transaction SET ial_level='' WHERE cid_hash='f1022ec15cd55ccf19dcd3058bab1eac60746faf4dcd8044ea9bccf0a79e2f58' And ial_level='2.3' </msg>
<status status="PASS" starttime="20220701 14:42:46.680" endtime="20220701 14:42:46.794"></status>
</kw>
<kw name="Disconnect From Database" library="DatabaseLibrary">
<doc>Disconnects from the database.</doc>
<msg timestamp="20220701 14:42:46.795" level="INFO">Executing : Disconnect From Database</msg>
<status status="PASS" starttime="20220701 14:42:46.794" endtime="20220701 14:42:46.795"></status>
</kw>
<status status="PASS" starttime="20220701 14:42:46.295" endtime="20220701 14:42:46.796"></status>
</kw>
<status status="PASS" starttime="20220701 14:42:46.010" endtime="20220701 14:42:46.796"></status>
</kw>
<status status="PASS" starttime="20220701 14:42:46.009" endtime="20220701 14:42:46.796" critical="yes"></status>
</test>
<status status="PASS" starttime="20220701 14:42:45.353" endtime="20220701 14:42:46.798"></status>
</suite>
<statistics>
<total>
<stat pass="1" fail="0">Critical Tests</stat>
<stat pass="1" fail="0">All Tests</stat>
</total>
<tag>
</tag>
<suite>
<stat pass="1" fail="0" id="s1" name="25.Withdraw bio preprod">25.Withdraw bio preprod</stat>
</suite>
</statistics>
<errors>
</errors>
</robot>
