<?xml version="1.0" encoding="UTF-8"?>
<robot generator="Robot 3.2.2 (Python 3.9.1 on darwin)" generated="20220725 10:08:58.432" rpa="false">
<suite id="s1" name="21.Facial new authen" source="/Users/patcharapol/Documents/GitHub/eKYC_preprod/api-ekyc/Test case/21.Facial_new_authen.robot">
<kw name="Generate_Partner_Secret" library="Generate_Partner_Secret_page" type="setup">
<kw name="Run Process" library="Process">
<doc>Runs a process and waits for it to complete.</doc>
<arguments>
<arg>java</arg>
<arg>-jar</arg>
<arg>${PATH_JAR_PARTNER}</arg>
<arg>TCMB</arg>
<arg>partner-secret</arg>
<arg>preprod</arg>
<arg>file</arg>
<arg>file</arg>
<arg>alias=myproc</arg>
</arguments>
<msg timestamp="20220725 10:08:59.239" level="INFO">Starting process:
java -jar tcrb-ekyc-partner-1.8.jar TCMB partner-secret preprod file file</msg>
<msg timestamp="20220725 10:08:59.244" level="INFO">Waiting for process to complete.</msg>
<msg timestamp="20220725 10:08:59.614" level="INFO">Process completed.</msg>
<status status="PASS" starttime="20220725 10:08:59.239" endtime="20220725 10:08:59.614"></status>
</kw>
<kw name="Get File" library="OperatingSystem">
<doc>Returns the contents of a specified file.</doc>
<arguments>
<arg>partner_secret.txt</arg>
</arguments>
<assign>
<var>${TextFileContent}</var>
</assign>
<msg timestamp="20220725 10:08:59.615" level="INFO" html="yes">Getting file '&lt;a href="file:///Users/patcharapol/Documents/GitHub/eKYC_preprod/partner_secret.txt"&gt;/Users/patcharapol/Documents/GitHub/eKYC_preprod/partner_secret.txt&lt;/a&gt;'.</msg>
<msg timestamp="20220725 10:08:59.616" level="INFO">${TextFileContent} = fhTsEsQUXf3Ic/fULd75MTM9mxkzz/M9ciJa9oiZcC9sYwaVtqU9jouOFDoexB/8TlU4L7PwyCKfDzkGCBSma15plVUSdArijeRFt2cEIm6RZxQIaa8FyFz2jfhUWl1P9laNjH8UN/vhHwo5WP+hwTjyfrz9UPGPJnm7bXFRkXfJ0Bk7gGEgHOFgAJkqCL6wVLF1s1Dq...</msg>
<status status="PASS" starttime="20220725 10:08:59.615" endtime="20220725 10:08:59.616"></status>
</kw>
<kw name="Set Global Variable" library="BuiltIn">
<doc>Makes a variable available globally in all tests and suites.</doc>
<arguments>
<arg>${GET_PARTNER_SECRET}</arg>
<arg>${TextFileContent}</arg>
</arguments>
<msg timestamp="20220725 10:08:59.619" level="INFO">${GET_PARTNER_SECRET} = fhTsEsQUXf3Ic/fULd75MTM9mxkzz/M9ciJa9oiZcC9sYwaVtqU9jouOFDoexB/8TlU4L7PwyCKfDzkGCBSma15plVUSdArijeRFt2cEIm6RZxQIaa8FyFz2jfhUWl1P9laNjH8UN/vhHwo5WP+hwTjyfrz9UPGPJnm7bXFRkXfJ0Bk7gGEgHOFgAJkqCL6wVLF1s1Dq...</msg>
<status status="PASS" starttime="20220725 10:08:59.616" endtime="20220725 10:08:59.619"></status>
</kw>
<status status="PASS" starttime="20220725 10:08:59.238" endtime="20220725 10:08:59.619"></status>
</kw>
<test id="s1-t1" name="Facial_authen_02">
<kw name="Run Keyword And Ignore Error" library="BuiltIn">
<doc>Runs the given keyword with the given arguments and ignores possible error.</doc>
<arguments>
<arg>Facial_authen_page.Liveness_fail_authen</arg>
<arg>4</arg>
</arguments>
<kw name="Liveness_fail_authen" library="Facial_authen_page">
<arguments>
<arg>4</arg>
</arguments>
<kw name="${index} IN RANGE [ 0 | ${round} ]" type="for">
<kw name="${index} = 0" type="foritem">
<kw name="Set To Dictionary" library="Collections">
<doc>Adds the given ``key_value_pairs`` and ``items`` to the ``dictionary``.</doc>
<arguments>
<arg>${HEADER_FACIAL_AUTHEN}</arg>
<arg>partner-secret=${GET_PARTNER_SECRET}</arg>
</arguments>
<status status="PASS" starttime="20220725 10:08:59.624" endtime="20220725 10:08:59.625"></status>
</kw>
<kw name="Create Session" library="RequestsLibrary">
<doc>Create Session: create a HTTP session to a server</doc>
<arguments>
<arg>alias=${ALIAS}</arg>
<arg>url=${BOT_CORE_SERVICE}</arg>
</arguments>
<msg timestamp="20220725 10:08:59.626" level="INFO">Creating Session using : alias=eKYC, url=https://api-preprod.tcrb-onlinebanking-privated-bottech.com, headers={},                     cookies={}, auth=None, timeout=None, proxies=None, verify=False,                     debug=0 </msg>
<status status="PASS" starttime="20220725 10:08:59.625" endtime="20220725 10:08:59.626"></status>
</kw>
<kw name="Create Dictionary" library="BuiltIn">
<doc>Creates and returns a dictionary based on the given ``items``.</doc>
<arguments>
<arg>cid=uF6ywXRW2IKSo3hJmOWYZ9AX81kSBjM0OXqi71ilnHrKwBAN66r4S0I=</arg>
<arg>process_id=00001</arg>
<arg>image_source=xxxxxxxxx</arg>
</arguments>
<assign>
<var>&amp;{body}</var>
</assign>
<msg timestamp="20220725 10:08:59.627" level="INFO">&amp;{body} = { cid=uF6ywXRW2IKSo3hJmOWYZ9AX81kSBjM0OXqi71ilnHrKwBAN66r4S0I= | process_id=00001 | image_source=xxxxxxxxx }</msg>
<status status="PASS" starttime="20220725 10:08:59.627" endtime="20220725 10:08:59.627"></status>
</kw>
<kw name="Post On Session" library="RequestsLibrary">
<doc>Sends a POST request on a previously created HTTP Session.</doc>
<arguments>
<arg>alias=${ALIAS}</arg>
<arg>url=${URI_FACIAL_AUTHEN}</arg>
<arg>headers=&amp;{HEADER_FACIAL_AUTHEN}</arg>
<arg>json=${body}</arg>
<arg>expected_status=anything</arg>
</arguments>
<assign>
<var>${response}</var>
</assign>
<msg timestamp="20220725 10:09:03.125" level="INFO">POST Request : url=https://api-preprod.tcrb-onlinebanking-privated-bottech.com/tcrb-platform-apipartner/v1/facial/authen 
 path_url=/tcrb-platform-apipartner/v1/facial/authen 
 headers={'User-Agent': 'python-requests/2.25.1', 'Accept-Encoding': 'gzip, deflate', 'Accept': '*/*', 'Connection': 'keep-alive', 'X-Correlation-Id': 'QA', 'partner-code': 'TCMB', 'partner-secret': 'fhTsEsQUXf3Ic/fULd75MTM9mxkzz/M9ciJa9oiZcC9sYwaVtqU9jouOFDoexB/8TlU4L7PwyCKfDzkGCBSma15plVUSdArijeRFt2cEIm6RZxQIaa8FyFz2jfhUWl1P9laNjH8UN/vhHwo5WP+hwTjyfrz9UPGPJnm7bXFRkXfJ0Bk7gGEgHOFgAJkqCL6wVLF1s1DqFjm5K2LG7HB2hqi2GXNKyce6fcUz575y2KzkEcvFH7/wiGiDY0VPzf0=', 'x-apigw-api-id': 'es59o179ie', 'Content-Length': '119', 'Content-Type': 'application/json'} 
 body=b'{"cid": "uF6ywXRW2IKSo3hJmOWYZ9AX81kSBjM0OXqi71ilnHrKwBAN66r4S0I=", "process_id": "00001", "image_source": "xxxxxxxxx"}' 
 </msg>
<msg timestamp="20220725 10:09:03.125" level="INFO">POST Response : url=https://api-preprod.tcrb-onlinebanking-privated-bottech.com/tcrb-platform-apipartner/v1/facial/authen 
 status=500, reason=Internal Server Error 
 headers={'Date': 'Mon, 25 Jul 2022 03:09:03 GMT', 'Content-Type': 'application/json', 'Content-Length': '301', 'Connection': 'keep-alive', 'Server': 'Server', 'x-amzn-RequestId': 'e321f845-d2ea-4192-878f-4def7722978b', 'x-amz-apigw-id': 'VzZj4GvoyQ0FSMA=', 'X-Amzn-Trace-Id': 'Root=1-62de094b-3b9653c53465319960a875bf'} 
 body={"status":{"code":"5001","message":"System Error","remark":"com.sun.crypto.provider.GaloisCounterMode(-1) : javax.crypto.AEADBadTagException: Tag mismatch!","user_code":"E5001","user_message_en":"System Error","user_message_th":"ระบบเกิดความผิดพลาด"},"data":null} 
 </msg>
<msg timestamp="20220725 10:09:03.125" level="INFO">/Library/Frameworks/Python.framework/Versions/3.9/lib/python3.9/site-packages/urllib3/connectionpool.py:1013: InsecureRequestWarning: Unverified HTTPS request is being made to host 'api-preprod.tcrb-onlinebanking-privated-bottech.com'. Adding certificate verification is strongly advised. See: https://urllib3.readthedocs.io/en/latest/advanced-usage.html#ssl-warnings
  warnings.warn(</msg>
<msg timestamp="20220725 10:09:03.126" level="INFO">${response} = &lt;Response [500]&gt;</msg>
<status status="PASS" starttime="20220725 10:08:59.628" endtime="20220725 10:09:03.126"></status>
</kw>
<kw name="Set Global Variable" library="BuiltIn">
<doc>Makes a variable available globally in all tests and suites.</doc>
<arguments>
<arg>${RESPONSE_CODE}</arg>
<arg>${response.json()["status"]["code"]}</arg>
</arguments>
<msg timestamp="20220725 10:09:03.128" level="INFO">${RESPONSE_CODE} = 5001</msg>
<status status="PASS" starttime="20220725 10:09:03.126" endtime="20220725 10:09:03.128"></status>
</kw>
<kw name="Set Global Variable" library="BuiltIn">
<doc>Makes a variable available globally in all tests and suites.</doc>
<arguments>
<arg>${RESPONSE_MESSAGE}</arg>
<arg>${response.json()["status"]["message"]}</arg>
</arguments>
<msg timestamp="20220725 10:09:03.132" level="INFO">${RESPONSE_MESSAGE} = System Error</msg>
<status status="PASS" starttime="20220725 10:09:03.129" endtime="20220725 10:09:03.132"></status>
</kw>
<kw name="Set Global Variable" library="BuiltIn">
<doc>Makes a variable available globally in all tests and suites.</doc>
<arguments>
<arg>${RESPONSE_REMARK}</arg>
<arg>${response.json()["status"]["remark"]}</arg>
</arguments>
<msg timestamp="20220725 10:09:03.135" level="INFO">${RESPONSE_REMARK} = com.sun.crypto.provider.GaloisCounterMode(-1) : javax.crypto.AEADBadTagException: Tag mismatch!</msg>
<status status="PASS" starttime="20220725 10:09:03.132" endtime="20220725 10:09:03.136"></status>
</kw>
<kw name="Set Global Variable" library="BuiltIn">
<doc>Makes a variable available globally in all tests and suites.</doc>
<arguments>
<arg>${RESPONSE_API}</arg>
<arg>${response.content}</arg>
</arguments>
<msg timestamp="20220725 10:09:03.138" level="INFO">${RESPONSE_API} = {"status":{"code":"5001","message":"System Error","remark":"com.sun.crypto.provider.GaloisCounterMode(-1) : javax.crypto.AEADBadTagException: Tag mismatch!","user_code":"E5001","user_message_en":"Syst...</msg>
<status status="PASS" starttime="20220725 10:09:03.136" endtime="20220725 10:09:03.138"></status>
</kw>
<kw name="Set Global Variable" library="BuiltIn">
<doc>Makes a variable available globally in all tests and suites.</doc>
<arguments>
<arg>${RESPONSE_USERCODE}</arg>
<arg>${response.json()["status"]["user_code"]}</arg>
</arguments>
<msg timestamp="20220725 10:09:03.141" level="INFO">${RESPONSE_USERCODE} = E5001</msg>
<status status="PASS" starttime="20220725 10:09:03.138" endtime="20220725 10:09:03.141"></status>
</kw>
<kw name="Set Global Variable" library="BuiltIn">
<doc>Makes a variable available globally in all tests and suites.</doc>
<arguments>
<arg>${RESPONSE_USER_EN}</arg>
<arg>${response.json()["status"]["user_message_en"]}</arg>
</arguments>
<msg timestamp="20220725 10:09:03.144" level="INFO">${RESPONSE_USER_EN} = System Error</msg>
<status status="PASS" starttime="20220725 10:09:03.141" endtime="20220725 10:09:03.144"></status>
</kw>
<kw name="Set Global Variable" library="BuiltIn">
<doc>Makes a variable available globally in all tests and suites.</doc>
<arguments>
<arg>${RESPONSE_USER_TH}</arg>
<arg>${response.json()["status"]["user_message_th"]}</arg>
</arguments>
<msg timestamp="20220725 10:09:03.147" level="INFO">${RESPONSE_USER_TH} = ระบบเกิดความผิดพลาด</msg>
<status status="PASS" starttime="20220725 10:09:03.145" endtime="20220725 10:09:03.147"></status>
</kw>
<status status="PASS" starttime="20220725 10:08:59.624" endtime="20220725 10:09:03.147"></status>
</kw>
<kw name="${index} = 1" type="foritem">
<kw name="Set To Dictionary" library="Collections">
<doc>Adds the given ``key_value_pairs`` and ``items`` to the ``dictionary``.</doc>
<arguments>
<arg>${HEADER_FACIAL_AUTHEN}</arg>
<arg>partner-secret=${GET_PARTNER_SECRET}</arg>
</arguments>
<status status="PASS" starttime="20220725 10:09:03.147" endtime="20220725 10:09:03.148"></status>
</kw>
<kw name="Create Session" library="RequestsLibrary">
<doc>Create Session: create a HTTP session to a server</doc>
<arguments>
<arg>alias=${ALIAS}</arg>
<arg>url=${BOT_CORE_SERVICE}</arg>
</arguments>
<msg timestamp="20220725 10:09:03.148" level="INFO">Creating Session using : alias=eKYC, url=https://api-preprod.tcrb-onlinebanking-privated-bottech.com, headers={},                     cookies={}, auth=None, timeout=None, proxies=None, verify=False,                     debug=0 </msg>
<status status="PASS" starttime="20220725 10:09:03.148" endtime="20220725 10:09:03.148"></status>
</kw>
<kw name="Create Dictionary" library="BuiltIn">
<doc>Creates and returns a dictionary based on the given ``items``.</doc>
<arguments>
<arg>cid=uF6ywXRW2IKSo3hJmOWYZ9AX81kSBjM0OXqi71ilnHrKwBAN66r4S0I=</arg>
<arg>process_id=00001</arg>
<arg>image_source=xxxxxxxxx</arg>
</arguments>
<assign>
<var>&amp;{body}</var>
</assign>
<msg timestamp="20220725 10:09:03.149" level="INFO">&amp;{body} = { cid=uF6ywXRW2IKSo3hJmOWYZ9AX81kSBjM0OXqi71ilnHrKwBAN66r4S0I= | process_id=00001 | image_source=xxxxxxxxx }</msg>
<status status="PASS" starttime="20220725 10:09:03.149" endtime="20220725 10:09:03.149"></status>
</kw>
<kw name="Post On Session" library="RequestsLibrary">
<doc>Sends a POST request on a previously created HTTP Session.</doc>
<arguments>
<arg>alias=${ALIAS}</arg>
<arg>url=${URI_FACIAL_AUTHEN}</arg>
<arg>headers=&amp;{HEADER_FACIAL_AUTHEN}</arg>
<arg>json=${body}</arg>
<arg>expected_status=anything</arg>
</arguments>
<assign>
<var>${response}</var>
</assign>
<msg timestamp="20220725 10:09:03.542" level="INFO">POST Request : url=https://api-preprod.tcrb-onlinebanking-privated-bottech.com/tcrb-platform-apipartner/v1/facial/authen 
 path_url=/tcrb-platform-apipartner/v1/facial/authen 
 headers={'User-Agent': 'python-requests/2.25.1', 'Accept-Encoding': 'gzip, deflate', 'Accept': '*/*', 'Connection': 'keep-alive', 'X-Correlation-Id': 'QA', 'partner-code': 'TCMB', 'partner-secret': 'fhTsEsQUXf3Ic/fULd75MTM9mxkzz/M9ciJa9oiZcC9sYwaVtqU9jouOFDoexB/8TlU4L7PwyCKfDzkGCBSma15plVUSdArijeRFt2cEIm6RZxQIaa8FyFz2jfhUWl1P9laNjH8UN/vhHwo5WP+hwTjyfrz9UPGPJnm7bXFRkXfJ0Bk7gGEgHOFgAJkqCL6wVLF1s1DqFjm5K2LG7HB2hqi2GXNKyce6fcUz575y2KzkEcvFH7/wiGiDY0VPzf0=', 'x-apigw-api-id': 'es59o179ie', 'Content-Length': '119', 'Content-Type': 'application/json'} 
 body=b'{"cid": "uF6ywXRW2IKSo3hJmOWYZ9AX81kSBjM0OXqi71ilnHrKwBAN66r4S0I=", "process_id": "00001", "image_source": "xxxxxxxxx"}' 
 </msg>
<msg timestamp="20220725 10:09:03.543" level="INFO">POST Response : url=https://api-preprod.tcrb-onlinebanking-privated-bottech.com/tcrb-platform-apipartner/v1/facial/authen 
 status=500, reason=Internal Server Error 
 headers={'Date': 'Mon, 25 Jul 2022 03:09:03 GMT', 'Content-Type': 'application/json', 'Content-Length': '301', 'Connection': 'keep-alive', 'Server': 'Server', 'x-amzn-RequestId': '927bbfdc-df9e-461e-9d70-ed05385b4d4d', 'x-amz-apigw-id': 'VzZkbHvBSQ0FsHA=', 'X-Amzn-Trace-Id': 'Root=1-62de094f-1e694b2b3fc8ee327557a580'} 
 body={"status":{"code":"5001","message":"System Error","remark":"com.sun.crypto.provider.GaloisCounterMode(-1) : javax.crypto.AEADBadTagException: Tag mismatch!","user_code":"E5001","user_message_en":"System Error","user_message_th":"ระบบเกิดความผิดพลาด"},"data":null} 
 </msg>
<msg timestamp="20220725 10:09:03.543" level="INFO">/Library/Frameworks/Python.framework/Versions/3.9/lib/python3.9/site-packages/urllib3/connectionpool.py:1013: InsecureRequestWarning: Unverified HTTPS request is being made to host 'api-preprod.tcrb-onlinebanking-privated-bottech.com'. Adding certificate verification is strongly advised. See: https://urllib3.readthedocs.io/en/latest/advanced-usage.html#ssl-warnings
  warnings.warn(</msg>
<msg timestamp="20220725 10:09:03.543" level="INFO">${response} = &lt;Response [500]&gt;</msg>
<status status="PASS" starttime="20220725 10:09:03.150" endtime="20220725 10:09:03.543"></status>
</kw>
<kw name="Set Global Variable" library="BuiltIn">
<doc>Makes a variable available globally in all tests and suites.</doc>
<arguments>
<arg>${RESPONSE_CODE}</arg>
<arg>${response.json()["status"]["code"]}</arg>
</arguments>
<msg timestamp="20220725 10:09:03.545" level="INFO">${RESPONSE_CODE} = 5001</msg>
<status status="PASS" starttime="20220725 10:09:03.544" endtime="20220725 10:09:03.545"></status>
</kw>
<kw name="Set Global Variable" library="BuiltIn">
<doc>Makes a variable available globally in all tests and suites.</doc>
<arguments>
<arg>${RESPONSE_MESSAGE}</arg>
<arg>${response.json()["status"]["message"]}</arg>
</arguments>
<msg timestamp="20220725 10:09:03.546" level="INFO">${RESPONSE_MESSAGE} = System Error</msg>
<status status="PASS" starttime="20220725 10:09:03.545" endtime="20220725 10:09:03.546"></status>
</kw>
<kw name="Set Global Variable" library="BuiltIn">
<doc>Makes a variable available globally in all tests and suites.</doc>
<arguments>
<arg>${RESPONSE_REMARK}</arg>
<arg>${response.json()["status"]["remark"]}</arg>
</arguments>
<msg timestamp="20220725 10:09:03.548" level="INFO">${RESPONSE_REMARK} = com.sun.crypto.provider.GaloisCounterMode(-1) : javax.crypto.AEADBadTagException: Tag mismatch!</msg>
<status status="PASS" starttime="20220725 10:09:03.547" endtime="20220725 10:09:03.548"></status>
</kw>
<kw name="Set Global Variable" library="BuiltIn">
<doc>Makes a variable available globally in all tests and suites.</doc>
<arguments>
<arg>${RESPONSE_API}</arg>
<arg>${response.content}</arg>
</arguments>
<msg timestamp="20220725 10:09:03.550" level="INFO">${RESPONSE_API} = {"status":{"code":"5001","message":"System Error","remark":"com.sun.crypto.provider.GaloisCounterMode(-1) : javax.crypto.AEADBadTagException: Tag mismatch!","user_code":"E5001","user_message_en":"Syst...</msg>
<status status="PASS" starttime="20220725 10:09:03.549" endtime="20220725 10:09:03.550"></status>
</kw>
<kw name="Set Global Variable" library="BuiltIn">
<doc>Makes a variable available globally in all tests and suites.</doc>
<arguments>
<arg>${RESPONSE_USERCODE}</arg>
<arg>${response.json()["status"]["user_code"]}</arg>
</arguments>
<msg timestamp="20220725 10:09:03.552" level="INFO">${RESPONSE_USERCODE} = E5001</msg>
<status status="PASS" starttime="20220725 10:09:03.551" endtime="20220725 10:09:03.552"></status>
</kw>
<kw name="Set Global Variable" library="BuiltIn">
<doc>Makes a variable available globally in all tests and suites.</doc>
<arguments>
<arg>${RESPONSE_USER_EN}</arg>
<arg>${response.json()["status"]["user_message_en"]}</arg>
</arguments>
<msg timestamp="20220725 10:09:03.553" level="INFO">${RESPONSE_USER_EN} = System Error</msg>
<status status="PASS" starttime="20220725 10:09:03.553" endtime="20220725 10:09:03.554"></status>
</kw>
<kw name="Set Global Variable" library="BuiltIn">
<doc>Makes a variable available globally in all tests and suites.</doc>
<arguments>
<arg>${RESPONSE_USER_TH}</arg>
<arg>${response.json()["status"]["user_message_th"]}</arg>
</arguments>
<msg timestamp="20220725 10:09:03.554" level="INFO">${RESPONSE_USER_TH} = ระบบเกิดความผิดพลาด</msg>
<status status="PASS" starttime="20220725 10:09:03.554" endtime="20220725 10:09:03.554"></status>
</kw>
<status status="PASS" starttime="20220725 10:09:03.147" endtime="20220725 10:09:03.555"></status>
</kw>
<kw name="${index} = 2" type="foritem">
<kw name="Set To Dictionary" library="Collections">
<doc>Adds the given ``key_value_pairs`` and ``items`` to the ``dictionary``.</doc>
<arguments>
<arg>${HEADER_FACIAL_AUTHEN}</arg>
<arg>partner-secret=${GET_PARTNER_SECRET}</arg>
</arguments>
<status status="PASS" starttime="20220725 10:09:03.555" endtime="20220725 10:09:03.555"></status>
</kw>
<kw name="Create Session" library="RequestsLibrary">
<doc>Create Session: create a HTTP session to a server</doc>
<arguments>
<arg>alias=${ALIAS}</arg>
<arg>url=${BOT_CORE_SERVICE}</arg>
</arguments>
<msg timestamp="20220725 10:09:03.556" level="INFO">Creating Session using : alias=eKYC, url=https://api-preprod.tcrb-onlinebanking-privated-bottech.com, headers={},                     cookies={}, auth=None, timeout=None, proxies=None, verify=False,                     debug=0 </msg>
<status status="PASS" starttime="20220725 10:09:03.555" endtime="20220725 10:09:03.556"></status>
</kw>
<kw name="Create Dictionary" library="BuiltIn">
<doc>Creates and returns a dictionary based on the given ``items``.</doc>
<arguments>
<arg>cid=uF6ywXRW2IKSo3hJmOWYZ9AX81kSBjM0OXqi71ilnHrKwBAN66r4S0I=</arg>
<arg>process_id=00001</arg>
<arg>image_source=xxxxxxxxx</arg>
</arguments>
<assign>
<var>&amp;{body}</var>
</assign>
<msg timestamp="20220725 10:09:03.556" level="INFO">&amp;{body} = { cid=uF6ywXRW2IKSo3hJmOWYZ9AX81kSBjM0OXqi71ilnHrKwBAN66r4S0I= | process_id=00001 | image_source=xxxxxxxxx }</msg>
<status status="PASS" starttime="20220725 10:09:03.556" endtime="20220725 10:09:03.556"></status>
</kw>
<kw name="Post On Session" library="RequestsLibrary">
<doc>Sends a POST request on a previously created HTTP Session.</doc>
<arguments>
<arg>alias=${ALIAS}</arg>
<arg>url=${URI_FACIAL_AUTHEN}</arg>
<arg>headers=&amp;{HEADER_FACIAL_AUTHEN}</arg>
<arg>json=${body}</arg>
<arg>expected_status=anything</arg>
</arguments>
<assign>
<var>${response}</var>
</assign>
<msg timestamp="20220725 10:09:03.974" level="INFO">POST Request : url=https://api-preprod.tcrb-onlinebanking-privated-bottech.com/tcrb-platform-apipartner/v1/facial/authen 
 path_url=/tcrb-platform-apipartner/v1/facial/authen 
 headers={'User-Agent': 'python-requests/2.25.1', 'Accept-Encoding': 'gzip, deflate', 'Accept': '*/*', 'Connection': 'keep-alive', 'X-Correlation-Id': 'QA', 'partner-code': 'TCMB', 'partner-secret': 'fhTsEsQUXf3Ic/fULd75MTM9mxkzz/M9ciJa9oiZcC9sYwaVtqU9jouOFDoexB/8TlU4L7PwyCKfDzkGCBSma15plVUSdArijeRFt2cEIm6RZxQIaa8FyFz2jfhUWl1P9laNjH8UN/vhHwo5WP+hwTjyfrz9UPGPJnm7bXFRkXfJ0Bk7gGEgHOFgAJkqCL6wVLF1s1DqFjm5K2LG7HB2hqi2GXNKyce6fcUz575y2KzkEcvFH7/wiGiDY0VPzf0=', 'x-apigw-api-id': 'es59o179ie', 'Content-Length': '119', 'Content-Type': 'application/json'} 
 body=b'{"cid": "uF6ywXRW2IKSo3hJmOWYZ9AX81kSBjM0OXqi71ilnHrKwBAN66r4S0I=", "process_id": "00001", "image_source": "xxxxxxxxx"}' 
 </msg>
<msg timestamp="20220725 10:09:03.975" level="INFO">POST Response : url=https://api-preprod.tcrb-onlinebanking-privated-bottech.com/tcrb-platform-apipartner/v1/facial/authen 
 status=500, reason=Internal Server Error 
 headers={'Date': 'Mon, 25 Jul 2022 03:09:03 GMT', 'Content-Type': 'application/json', 'Content-Length': '301', 'Connection': 'keep-alive', 'Server': 'Server', 'x-amzn-RequestId': '816f75f5-ba90-486e-938f-bed7c7ffffce', 'x-amz-apigw-id': 'VzZkfF5vyQ0Fltg=', 'X-Amzn-Trace-Id': 'Root=1-62de094f-708028ed0024ebe065a85d51'} 
 body={"status":{"code":"5001","message":"System Error","remark":"com.sun.crypto.provider.GaloisCounterMode(-1) : javax.crypto.AEADBadTagException: Tag mismatch!","user_code":"E5001","user_message_en":"System Error","user_message_th":"ระบบเกิดความผิดพลาด"},"data":null} 
 </msg>
<msg timestamp="20220725 10:09:03.975" level="INFO">/Library/Frameworks/Python.framework/Versions/3.9/lib/python3.9/site-packages/urllib3/connectionpool.py:1013: InsecureRequestWarning: Unverified HTTPS request is being made to host 'api-preprod.tcrb-onlinebanking-privated-bottech.com'. Adding certificate verification is strongly advised. See: https://urllib3.readthedocs.io/en/latest/advanced-usage.html#ssl-warnings
  warnings.warn(</msg>
<msg timestamp="20220725 10:09:03.975" level="INFO">${response} = &lt;Response [500]&gt;</msg>
<status status="PASS" starttime="20220725 10:09:03.557" endtime="20220725 10:09:03.975"></status>
</kw>
<kw name="Set Global Variable" library="BuiltIn">
<doc>Makes a variable available globally in all tests and suites.</doc>
<arguments>
<arg>${RESPONSE_CODE}</arg>
<arg>${response.json()["status"]["code"]}</arg>
</arguments>
<msg timestamp="20220725 10:09:03.976" level="INFO">${RESPONSE_CODE} = 5001</msg>
<status status="PASS" starttime="20220725 10:09:03.975" endtime="20220725 10:09:03.976"></status>
</kw>
<kw name="Set Global Variable" library="BuiltIn">
<doc>Makes a variable available globally in all tests and suites.</doc>
<arguments>
<arg>${RESPONSE_MESSAGE}</arg>
<arg>${response.json()["status"]["message"]}</arg>
</arguments>
<msg timestamp="20220725 10:09:03.977" level="INFO">${RESPONSE_MESSAGE} = System Error</msg>
<status status="PASS" starttime="20220725 10:09:03.976" endtime="20220725 10:09:03.977"></status>
</kw>
<kw name="Set Global Variable" library="BuiltIn">
<doc>Makes a variable available globally in all tests and suites.</doc>
<arguments>
<arg>${RESPONSE_REMARK}</arg>
<arg>${response.json()["status"]["remark"]}</arg>
</arguments>
<msg timestamp="20220725 10:09:03.978" level="INFO">${RESPONSE_REMARK} = com.sun.crypto.provider.GaloisCounterMode(-1) : javax.crypto.AEADBadTagException: Tag mismatch!</msg>
<status status="PASS" starttime="20220725 10:09:03.977" endtime="20220725 10:09:03.978"></status>
</kw>
<kw name="Set Global Variable" library="BuiltIn">
<doc>Makes a variable available globally in all tests and suites.</doc>
<arguments>
<arg>${RESPONSE_API}</arg>
<arg>${response.content}</arg>
</arguments>
<msg timestamp="20220725 10:09:03.979" level="INFO">${RESPONSE_API} = {"status":{"code":"5001","message":"System Error","remark":"com.sun.crypto.provider.GaloisCounterMode(-1) : javax.crypto.AEADBadTagException: Tag mismatch!","user_code":"E5001","user_message_en":"Syst...</msg>
<status status="PASS" starttime="20220725 10:09:03.978" endtime="20220725 10:09:03.979"></status>
</kw>
<kw name="Set Global Variable" library="BuiltIn">
<doc>Makes a variable available globally in all tests and suites.</doc>
<arguments>
<arg>${RESPONSE_USERCODE}</arg>
<arg>${response.json()["status"]["user_code"]}</arg>
</arguments>
<msg timestamp="20220725 10:09:03.980" level="INFO">${RESPONSE_USERCODE} = E5001</msg>
<status status="PASS" starttime="20220725 10:09:03.979" endtime="20220725 10:09:03.980"></status>
</kw>
<kw name="Set Global Variable" library="BuiltIn">
<doc>Makes a variable available globally in all tests and suites.</doc>
<arguments>
<arg>${RESPONSE_USER_EN}</arg>
<arg>${response.json()["status"]["user_message_en"]}</arg>
</arguments>
<msg timestamp="20220725 10:09:03.981" level="INFO">${RESPONSE_USER_EN} = System Error</msg>
<status status="PASS" starttime="20220725 10:09:03.980" endtime="20220725 10:09:03.982"></status>
</kw>
<kw name="Set Global Variable" library="BuiltIn">
<doc>Makes a variable available globally in all tests and suites.</doc>
<arguments>
<arg>${RESPONSE_USER_TH}</arg>
<arg>${response.json()["status"]["user_message_th"]}</arg>
</arguments>
<msg timestamp="20220725 10:09:03.982" level="INFO">${RESPONSE_USER_TH} = ระบบเกิดความผิดพลาด</msg>
<status status="PASS" starttime="20220725 10:09:03.982" endtime="20220725 10:09:03.983"></status>
</kw>
<status status="PASS" starttime="20220725 10:09:03.555" endtime="20220725 10:09:03.983"></status>
</kw>
<kw name="${index} = 3" type="foritem">
<kw name="Set To Dictionary" library="Collections">
<doc>Adds the given ``key_value_pairs`` and ``items`` to the ``dictionary``.</doc>
<arguments>
<arg>${HEADER_FACIAL_AUTHEN}</arg>
<arg>partner-secret=${GET_PARTNER_SECRET}</arg>
</arguments>
<status status="PASS" starttime="20220725 10:09:03.983" endtime="20220725 10:09:03.983"></status>
</kw>
<kw name="Create Session" library="RequestsLibrary">
<doc>Create Session: create a HTTP session to a server</doc>
<arguments>
<arg>alias=${ALIAS}</arg>
<arg>url=${BOT_CORE_SERVICE}</arg>
</arguments>
<msg timestamp="20220725 10:09:03.984" level="INFO">Creating Session using : alias=eKYC, url=https://api-preprod.tcrb-onlinebanking-privated-bottech.com, headers={},                     cookies={}, auth=None, timeout=None, proxies=None, verify=False,                     debug=0 </msg>
<status status="PASS" starttime="20220725 10:09:03.983" endtime="20220725 10:09:03.984"></status>
</kw>
<kw name="Create Dictionary" library="BuiltIn">
<doc>Creates and returns a dictionary based on the given ``items``.</doc>
<arguments>
<arg>cid=uF6ywXRW2IKSo3hJmOWYZ9AX81kSBjM0OXqi71ilnHrKwBAN66r4S0I=</arg>
<arg>process_id=00001</arg>
<arg>image_source=xxxxxxxxx</arg>
</arguments>
<assign>
<var>&amp;{body}</var>
</assign>
<msg timestamp="20220725 10:09:03.984" level="INFO">&amp;{body} = { cid=uF6ywXRW2IKSo3hJmOWYZ9AX81kSBjM0OXqi71ilnHrKwBAN66r4S0I= | process_id=00001 | image_source=xxxxxxxxx }</msg>
<status status="PASS" starttime="20220725 10:09:03.984" endtime="20220725 10:09:03.985"></status>
</kw>
<kw name="Post On Session" library="RequestsLibrary">
<doc>Sends a POST request on a previously created HTTP Session.</doc>
<arguments>
<arg>alias=${ALIAS}</arg>
<arg>url=${URI_FACIAL_AUTHEN}</arg>
<arg>headers=&amp;{HEADER_FACIAL_AUTHEN}</arg>
<arg>json=${body}</arg>
<arg>expected_status=anything</arg>
</arguments>
<assign>
<var>${response}</var>
</assign>
<msg timestamp="20220725 10:09:04.283" level="INFO">POST Request : url=https://api-preprod.tcrb-onlinebanking-privated-bottech.com/tcrb-platform-apipartner/v1/facial/authen 
 path_url=/tcrb-platform-apipartner/v1/facial/authen 
 headers={'User-Agent': 'python-requests/2.25.1', 'Accept-Encoding': 'gzip, deflate', 'Accept': '*/*', 'Connection': 'keep-alive', 'X-Correlation-Id': 'QA', 'partner-code': 'TCMB', 'partner-secret': 'fhTsEsQUXf3Ic/fULd75MTM9mxkzz/M9ciJa9oiZcC9sYwaVtqU9jouOFDoexB/8TlU4L7PwyCKfDzkGCBSma15plVUSdArijeRFt2cEIm6RZxQIaa8FyFz2jfhUWl1P9laNjH8UN/vhHwo5WP+hwTjyfrz9UPGPJnm7bXFRkXfJ0Bk7gGEgHOFgAJkqCL6wVLF1s1DqFjm5K2LG7HB2hqi2GXNKyce6fcUz575y2KzkEcvFH7/wiGiDY0VPzf0=', 'x-apigw-api-id': 'es59o179ie', 'Content-Length': '119', 'Content-Type': 'application/json'} 
 body=b'{"cid": "uF6ywXRW2IKSo3hJmOWYZ9AX81kSBjM0OXqi71ilnHrKwBAN66r4S0I=", "process_id": "00001", "image_source": "xxxxxxxxx"}' 
 </msg>
<msg timestamp="20220725 10:09:04.283" level="INFO">POST Response : url=https://api-preprod.tcrb-onlinebanking-privated-bottech.com/tcrb-platform-apipartner/v1/facial/authen 
 status=500, reason=Internal Server Error 
 headers={'Date': 'Mon, 25 Jul 2022 03:09:04 GMT', 'Content-Type': 'application/json', 'Content-Length': '301', 'Connection': 'keep-alive', 'Server': 'Server', 'x-amzn-RequestId': 'a52ea568-084f-429d-8250-e8a52d6f7f4d', 'x-amz-apigw-id': 'VzZkjE27SQ0FvkQ=', 'X-Amzn-Trace-Id': 'Root=1-62de0950-227737d558b82985791c70f7'} 
 body={"status":{"code":"5001","message":"System Error","remark":"com.sun.crypto.provider.GaloisCounterMode(-1) : javax.crypto.AEADBadTagException: Tag mismatch!","user_code":"E5001","user_message_en":"System Error","user_message_th":"ระบบเกิดความผิดพลาด"},"data":null} 
 </msg>
<msg timestamp="20220725 10:09:04.283" level="INFO">/Library/Frameworks/Python.framework/Versions/3.9/lib/python3.9/site-packages/urllib3/connectionpool.py:1013: InsecureRequestWarning: Unverified HTTPS request is being made to host 'api-preprod.tcrb-onlinebanking-privated-bottech.com'. Adding certificate verification is strongly advised. See: https://urllib3.readthedocs.io/en/latest/advanced-usage.html#ssl-warnings
  warnings.warn(</msg>
<msg timestamp="20220725 10:09:04.283" level="INFO">${response} = &lt;Response [500]&gt;</msg>
<status status="PASS" starttime="20220725 10:09:03.985" endtime="20220725 10:09:04.283"></status>
</kw>
<kw name="Set Global Variable" library="BuiltIn">
<doc>Makes a variable available globally in all tests and suites.</doc>
<arguments>
<arg>${RESPONSE_CODE}</arg>
<arg>${response.json()["status"]["code"]}</arg>
</arguments>
<msg timestamp="20220725 10:09:04.285" level="INFO">${RESPONSE_CODE} = 5001</msg>
<status status="PASS" starttime="20220725 10:09:04.284" endtime="20220725 10:09:04.285"></status>
</kw>
<kw name="Set Global Variable" library="BuiltIn">
<doc>Makes a variable available globally in all tests and suites.</doc>
<arguments>
<arg>${RESPONSE_MESSAGE}</arg>
<arg>${response.json()["status"]["message"]}</arg>
</arguments>
<msg timestamp="20220725 10:09:04.286" level="INFO">${RESPONSE_MESSAGE} = System Error</msg>
<status status="PASS" starttime="20220725 10:09:04.285" endtime="20220725 10:09:04.286"></status>
</kw>
<kw name="Set Global Variable" library="BuiltIn">
<doc>Makes a variable available globally in all tests and suites.</doc>
<arguments>
<arg>${RESPONSE_REMARK}</arg>
<arg>${response.json()["status"]["remark"]}</arg>
</arguments>
<msg timestamp="20220725 10:09:04.287" level="INFO">${RESPONSE_REMARK} = com.sun.crypto.provider.GaloisCounterMode(-1) : javax.crypto.AEADBadTagException: Tag mismatch!</msg>
<status status="PASS" starttime="20220725 10:09:04.286" endtime="20220725 10:09:04.287"></status>
</kw>
<kw name="Set Global Variable" library="BuiltIn">
<doc>Makes a variable available globally in all tests and suites.</doc>
<arguments>
<arg>${RESPONSE_API}</arg>
<arg>${response.content}</arg>
</arguments>
<msg timestamp="20220725 10:09:04.288" level="INFO">${RESPONSE_API} = {"status":{"code":"5001","message":"System Error","remark":"com.sun.crypto.provider.GaloisCounterMode(-1) : javax.crypto.AEADBadTagException: Tag mismatch!","user_code":"E5001","user_message_en":"Syst...</msg>
<status status="PASS" starttime="20220725 10:09:04.288" endtime="20220725 10:09:04.289"></status>
</kw>
<kw name="Set Global Variable" library="BuiltIn">
<doc>Makes a variable available globally in all tests and suites.</doc>
<arguments>
<arg>${RESPONSE_USERCODE}</arg>
<arg>${response.json()["status"]["user_code"]}</arg>
</arguments>
<msg timestamp="20220725 10:09:04.290" level="INFO">${RESPONSE_USERCODE} = E5001</msg>
<status status="PASS" starttime="20220725 10:09:04.289" endtime="20220725 10:09:04.290"></status>
</kw>
<kw name="Set Global Variable" library="BuiltIn">
<doc>Makes a variable available globally in all tests and suites.</doc>
<arguments>
<arg>${RESPONSE_USER_EN}</arg>
<arg>${response.json()["status"]["user_message_en"]}</arg>
</arguments>
<msg timestamp="20220725 10:09:04.292" level="INFO">${RESPONSE_USER_EN} = System Error</msg>
<status status="PASS" starttime="20220725 10:09:04.291" endtime="20220725 10:09:04.292"></status>
</kw>
<kw name="Set Global Variable" library="BuiltIn">
<doc>Makes a variable available globally in all tests and suites.</doc>
<arguments>
<arg>${RESPONSE_USER_TH}</arg>
<arg>${response.json()["status"]["user_message_th"]}</arg>
</arguments>
<msg timestamp="20220725 10:09:04.293" level="INFO">${RESPONSE_USER_TH} = ระบบเกิดความผิดพลาด</msg>
<status status="PASS" starttime="20220725 10:09:04.292" endtime="20220725 10:09:04.293"></status>
</kw>
<status status="PASS" starttime="20220725 10:09:03.983" endtime="20220725 10:09:04.293"></status>
</kw>
<status status="PASS" starttime="20220725 10:08:59.623" endtime="20220725 10:09:04.293"></status>
</kw>
<status status="PASS" starttime="20220725 10:08:59.623" endtime="20220725 10:09:04.293"></status>
</kw>
<status status="PASS" starttime="20220725 10:08:59.622" endtime="20220725 10:09:04.294"></status>
</kw>
<kw name="Check_facial_temp_lock" library="Connect_database_page">
<arguments>
<arg>1100600292875</arg>
</arguments>
<kw name="Gen_cid_hash" library="Connect_database_page">
<arguments>
<arg>${input_cid}</arg>
</arguments>
<kw name="Run Process" library="Process">
<doc>Runs a process and waits for it to complete.</doc>
<arguments>
<arg>java</arg>
<arg>-jar</arg>
<arg>${PATH_JAR_PARTNER}</arg>
<arg>hash</arg>
<arg>${cid}</arg>
<arg>file</arg>
<arg>file</arg>
<arg>alias=myproc</arg>
</arguments>
<msg timestamp="20220725 10:09:04.297" level="INFO">Starting process:
java -jar tcrb-ekyc-partner-1.8.jar hash 1100600292875 file file</msg>
<msg timestamp="20220725 10:09:04.303" level="INFO">Waiting for process to complete.</msg>
<msg timestamp="20220725 10:09:04.418" level="INFO">Process completed.</msg>
<status status="PASS" starttime="20220725 10:09:04.295" endtime="20220725 10:09:04.418"></status>
</kw>
<kw name="Get File" library="OperatingSystem">
<doc>Returns the contents of a specified file.</doc>
<arguments>
<arg>hashing.txt</arg>
</arguments>
<assign>
<var>${TextFileContent}</var>
</assign>
<msg timestamp="20220725 10:09:04.419" level="INFO" html="yes">Getting file '&lt;a href="file:///Users/patcharapol/Documents/GitHub/eKYC_preprod/hashing.txt"&gt;/Users/patcharapol/Documents/GitHub/eKYC_preprod/hashing.txt&lt;/a&gt;'.</msg>
<msg timestamp="20220725 10:09:04.420" level="INFO">${TextFileContent} = 88d903cf1259372980ec75cb3117a215a10f5ba040d33e64fc04164379e9fad1</msg>
<status status="PASS" starttime="20220725 10:09:04.419" endtime="20220725 10:09:04.420"></status>
</kw>
<kw name="Set Global Variable" library="BuiltIn">
<doc>Makes a variable available globally in all tests and suites.</doc>
<arguments>
<arg>${GET_CID_HASH}</arg>
<arg>${TextFileContent}</arg>
</arguments>
<msg timestamp="20220725 10:09:04.423" level="INFO">${GET_CID_HASH} = 88d903cf1259372980ec75cb3117a215a10f5ba040d33e64fc04164379e9fad1</msg>
<status status="PASS" starttime="20220725 10:09:04.420" endtime="20220725 10:09:04.423"></status>
</kw>
<status status="PASS" starttime="20220725 10:09:04.295" endtime="20220725 10:09:04.423"></status>
</kw>
<kw name="Check_temp_lock" library="Connect_database_page">
<arguments>
<arg>${GET_CID_HASH}</arg>
</arguments>
<kw name="Connect To Database" library="DatabaseLibrary">
<doc>Loads the DB API 2.0 module given `dbapiModuleName` then uses it to
connect to the database using `dbName`, `dbUsername`, and `dbPassword`.</doc>
<arguments>
<arg>psycopg2</arg>
<arg>${DBName}</arg>
<arg>${DBUser}</arg>
<arg>${DBPass}</arg>
<arg>${DBHost}</arg>
<arg>${DBPort}</arg>
</arguments>
<msg timestamp="20220725 10:09:04.445" level="INFO">Connecting using : psycopg2.connect(database=bot_v2, user=postgres, password=RDBtxjPqaOmrasU4uNi2, host=tcrb-bot-pprd-db.cluster-cnu8aurcdwzj.ap-southeast-1.rds.amazonaws.com, port=5432) </msg>
<status status="PASS" starttime="20220725 10:09:04.424" endtime="20220725 10:09:04.757"></status>
</kw>
<kw name="Query" library="DatabaseLibrary">
<doc>Uses the input `selectStatement` to query for the values that will be returned as a list of tuples. Set optional
input `sansTran` to True to run command without an explicit transaction commit or rollback.
Set optional input `returnAsDict` to True to return values as a list of dictionaries.</doc>
<arguments>
<arg>SELECT x.* FROM image_db.customer_facial_lock x WHERE x.cid_hash IN ('${input_cid_hash}') AND x.temporary_lock IN (true)</arg>
</arguments>
<assign>
<var>@{queryResults_from_cs_info}</var>
</assign>
<msg timestamp="20220725 10:09:04.758" level="INFO">Executing : Query  |  SELECT x.* FROM image_db.customer_facial_lock x WHERE x.cid_hash IN ('88d903cf1259372980ec75cb3117a215a10f5ba040d33e64fc04164379e9fad1') AND x.temporary_lock IN (true) </msg>
<msg timestamp="20220725 10:09:04.877" level="INFO">@{queryResults_from_cs_info} = [ ]</msg>
<status status="PASS" starttime="20220725 10:09:04.757" endtime="20220725 10:09:04.877"></status>
</kw>
<kw name="Get From List" library="Collections">
<doc>Returns the value specified with an ``index`` from ``list``.</doc>
<arguments>
<arg>@{queryResults_from_cs_info}</arg>
<arg>2</arg>
</arguments>
<assign>
<var>${result_facial_temp_lock}</var>
</assign>
<msg timestamp="20220725 10:09:04.877" level="FAIL">Keyword 'Collections.Get From List' expected 2 arguments, got 1.</msg>
<status status="FAIL" starttime="20220725 10:09:04.877" endtime="20220725 10:09:04.877"></status>
</kw>
<status status="FAIL" starttime="20220725 10:09:04.423" endtime="20220725 10:09:04.878"></status>
</kw>
<status status="FAIL" starttime="20220725 10:09:04.294" endtime="20220725 10:09:04.878"></status>
</kw>
<doc>ทดสอบระบบ Facial authen กรณีถ่ายภาพ Liveness fail จำนวน x ครั้ง และผ่านในครั้งสุดท้าย ครั้งที่ x</doc>
<tags>
<tag>Regression</tag>
</tags>
<status status="FAIL" starttime="20220725 10:08:59.619" endtime="20220725 10:09:04.878" critical="yes">Keyword 'Collections.Get From List' expected 2 arguments, got 1.</status>
</test>
<test id="s1-t2" name="Facial_authen_19">
<kw name="Run Keyword And Ignore Error" library="BuiltIn">
<doc>Runs the given keyword with the given arguments and ignores possible error.</doc>
<arguments>
<arg>Facial_authen_page.Liveness_fail_authen</arg>
<arg>4</arg>
</arguments>
<kw name="Liveness_fail_authen" library="Facial_authen_page">
<arguments>
<arg>4</arg>
</arguments>
<kw name="${index} IN RANGE [ 0 | ${round} ]" type="for">
<kw name="${index} = 0" type="foritem">
<kw name="Set To Dictionary" library="Collections">
<doc>Adds the given ``key_value_pairs`` and ``items`` to the ``dictionary``.</doc>
<arguments>
<arg>${HEADER_FACIAL_AUTHEN}</arg>
<arg>partner-secret=${GET_PARTNER_SECRET}</arg>
</arguments>
<status status="PASS" starttime="20220725 10:09:04.882" endtime="20220725 10:09:04.883"></status>
</kw>
<kw name="Create Session" library="RequestsLibrary">
<doc>Create Session: create a HTTP session to a server</doc>
<arguments>
<arg>alias=${ALIAS}</arg>
<arg>url=${BOT_CORE_SERVICE}</arg>
</arguments>
<msg timestamp="20220725 10:09:04.884" level="INFO">Creating Session using : alias=eKYC, url=https://api-preprod.tcrb-onlinebanking-privated-bottech.com, headers={},                     cookies={}, auth=None, timeout=None, proxies=None, verify=False,                     debug=0 </msg>
<status status="PASS" starttime="20220725 10:09:04.883" endtime="20220725 10:09:04.884"></status>
</kw>
<kw name="Create Dictionary" library="BuiltIn">
<doc>Creates and returns a dictionary based on the given ``items``.</doc>
<arguments>
<arg>cid=uF6ywXRW2IKSo3hJmOWYZ9AX81kSBjM0OXqi71ilnHrKwBAN66r4S0I=</arg>
<arg>process_id=00001</arg>
<arg>image_source=xxxxxxxxx</arg>
</arguments>
<assign>
<var>&amp;{body}</var>
</assign>
<msg timestamp="20220725 10:09:04.885" level="INFO">&amp;{body} = { cid=uF6ywXRW2IKSo3hJmOWYZ9AX81kSBjM0OXqi71ilnHrKwBAN66r4S0I= | process_id=00001 | image_source=xxxxxxxxx }</msg>
<status status="PASS" starttime="20220725 10:09:04.884" endtime="20220725 10:09:04.885"></status>
</kw>
<kw name="Post On Session" library="RequestsLibrary">
<doc>Sends a POST request on a previously created HTTP Session.</doc>
<arguments>
<arg>alias=${ALIAS}</arg>
<arg>url=${URI_FACIAL_AUTHEN}</arg>
<arg>headers=&amp;{HEADER_FACIAL_AUTHEN}</arg>
<arg>json=${body}</arg>
<arg>expected_status=anything</arg>
</arguments>
<assign>
<var>${response}</var>
</assign>
<msg timestamp="20220725 10:09:05.175" level="INFO">POST Request : url=https://api-preprod.tcrb-onlinebanking-privated-bottech.com/tcrb-platform-apipartner/v1/facial/authen 
 path_url=/tcrb-platform-apipartner/v1/facial/authen 
 headers={'User-Agent': 'python-requests/2.25.1', 'Accept-Encoding': 'gzip, deflate', 'Accept': '*/*', 'Connection': 'keep-alive', 'X-Correlation-Id': 'QA', 'partner-code': 'TCMB', 'partner-secret': 'fhTsEsQUXf3Ic/fULd75MTM9mxkzz/M9ciJa9oiZcC9sYwaVtqU9jouOFDoexB/8TlU4L7PwyCKfDzkGCBSma15plVUSdArijeRFt2cEIm6RZxQIaa8FyFz2jfhUWl1P9laNjH8UN/vhHwo5WP+hwTjyfrz9UPGPJnm7bXFRkXfJ0Bk7gGEgHOFgAJkqCL6wVLF1s1DqFjm5K2LG7HB2hqi2GXNKyce6fcUz575y2KzkEcvFH7/wiGiDY0VPzf0=', 'x-apigw-api-id': 'es59o179ie', 'Content-Length': '119', 'Content-Type': 'application/json'} 
 body=b'{"cid": "uF6ywXRW2IKSo3hJmOWYZ9AX81kSBjM0OXqi71ilnHrKwBAN66r4S0I=", "process_id": "00001", "image_source": "xxxxxxxxx"}' 
 </msg>
<msg timestamp="20220725 10:09:05.175" level="INFO">POST Response : url=https://api-preprod.tcrb-onlinebanking-privated-bottech.com/tcrb-platform-apipartner/v1/facial/authen 
 status=500, reason=Internal Server Error 
 headers={'Date': 'Mon, 25 Jul 2022 03:09:05 GMT', 'Content-Type': 'application/json', 'Content-Length': '301', 'Connection': 'keep-alive', 'Server': 'Server', 'x-amzn-RequestId': '83b84591-e65f-4789-a89a-77b4573c548f', 'x-amz-apigw-id': 'VzZksHNQSQ0Fv0A=', 'X-Amzn-Trace-Id': 'Root=1-62de0951-4cab9b5c270166fd50b2aeaf'} 
 body={"status":{"code":"5001","message":"System Error","remark":"com.sun.crypto.provider.GaloisCounterMode(-1) : javax.crypto.AEADBadTagException: Tag mismatch!","user_code":"E5001","user_message_en":"System Error","user_message_th":"ระบบเกิดความผิดพลาด"},"data":null} 
 </msg>
<msg timestamp="20220725 10:09:05.175" level="INFO">/Library/Frameworks/Python.framework/Versions/3.9/lib/python3.9/site-packages/urllib3/connectionpool.py:1013: InsecureRequestWarning: Unverified HTTPS request is being made to host 'api-preprod.tcrb-onlinebanking-privated-bottech.com'. Adding certificate verification is strongly advised. See: https://urllib3.readthedocs.io/en/latest/advanced-usage.html#ssl-warnings
  warnings.warn(</msg>
<msg timestamp="20220725 10:09:05.176" level="INFO">${response} = &lt;Response [500]&gt;</msg>
<status status="PASS" starttime="20220725 10:09:04.885" endtime="20220725 10:09:05.176"></status>
</kw>
<kw name="Set Global Variable" library="BuiltIn">
<doc>Makes a variable available globally in all tests and suites.</doc>
<arguments>
<arg>${RESPONSE_CODE}</arg>
<arg>${response.json()["status"]["code"]}</arg>
</arguments>
<msg timestamp="20220725 10:09:05.177" level="INFO">${RESPONSE_CODE} = 5001</msg>
<status status="PASS" starttime="20220725 10:09:05.176" endtime="20220725 10:09:05.177"></status>
</kw>
<kw name="Set Global Variable" library="BuiltIn">
<doc>Makes a variable available globally in all tests and suites.</doc>
<arguments>
<arg>${RESPONSE_MESSAGE}</arg>
<arg>${response.json()["status"]["message"]}</arg>
</arguments>
<msg timestamp="20220725 10:09:05.178" level="INFO">${RESPONSE_MESSAGE} = System Error</msg>
<status status="PASS" starttime="20220725 10:09:05.177" endtime="20220725 10:09:05.178"></status>
</kw>
<kw name="Set Global Variable" library="BuiltIn">
<doc>Makes a variable available globally in all tests and suites.</doc>
<arguments>
<arg>${RESPONSE_REMARK}</arg>
<arg>${response.json()["status"]["remark"]}</arg>
</arguments>
<msg timestamp="20220725 10:09:05.179" level="INFO">${RESPONSE_REMARK} = com.sun.crypto.provider.GaloisCounterMode(-1) : javax.crypto.AEADBadTagException: Tag mismatch!</msg>
<status status="PASS" starttime="20220725 10:09:05.178" endtime="20220725 10:09:05.179"></status>
</kw>
<kw name="Set Global Variable" library="BuiltIn">
<doc>Makes a variable available globally in all tests and suites.</doc>
<arguments>
<arg>${RESPONSE_API}</arg>
<arg>${response.content}</arg>
</arguments>
<msg timestamp="20220725 10:09:05.180" level="INFO">${RESPONSE_API} = {"status":{"code":"5001","message":"System Error","remark":"com.sun.crypto.provider.GaloisCounterMode(-1) : javax.crypto.AEADBadTagException: Tag mismatch!","user_code":"E5001","user_message_en":"Syst...</msg>
<status status="PASS" starttime="20220725 10:09:05.180" endtime="20220725 10:09:05.181"></status>
</kw>
<kw name="Set Global Variable" library="BuiltIn">
<doc>Makes a variable available globally in all tests and suites.</doc>
<arguments>
<arg>${RESPONSE_USERCODE}</arg>
<arg>${response.json()["status"]["user_code"]}</arg>
</arguments>
<msg timestamp="20220725 10:09:05.182" level="INFO">${RESPONSE_USERCODE} = E5001</msg>
<status status="PASS" starttime="20220725 10:09:05.181" endtime="20220725 10:09:05.182"></status>
</kw>
<kw name="Set Global Variable" library="BuiltIn">
<doc>Makes a variable available globally in all tests and suites.</doc>
<arguments>
<arg>${RESPONSE_USER_EN}</arg>
<arg>${response.json()["status"]["user_message_en"]}</arg>
</arguments>
<msg timestamp="20220725 10:09:05.183" level="INFO">${RESPONSE_USER_EN} = System Error</msg>
<status status="PASS" starttime="20220725 10:09:05.182" endtime="20220725 10:09:05.183"></status>
</kw>
<kw name="Set Global Variable" library="BuiltIn">
<doc>Makes a variable available globally in all tests and suites.</doc>
<arguments>
<arg>${RESPONSE_USER_TH}</arg>
<arg>${response.json()["status"]["user_message_th"]}</arg>
</arguments>
<msg timestamp="20220725 10:09:05.184" level="INFO">${RESPONSE_USER_TH} = ระบบเกิดความผิดพลาด</msg>
<status status="PASS" starttime="20220725 10:09:05.183" endtime="20220725 10:09:05.185"></status>
</kw>
<status status="PASS" starttime="20220725 10:09:04.882" endtime="20220725 10:09:05.185"></status>
</kw>
<kw name="${index} = 1" type="foritem">
<kw name="Set To Dictionary" library="Collections">
<doc>Adds the given ``key_value_pairs`` and ``items`` to the ``dictionary``.</doc>
<arguments>
<arg>${HEADER_FACIAL_AUTHEN}</arg>
<arg>partner-secret=${GET_PARTNER_SECRET}</arg>
</arguments>
<status status="PASS" starttime="20220725 10:09:05.185" endtime="20220725 10:09:05.186"></status>
</kw>
<kw name="Create Session" library="RequestsLibrary">
<doc>Create Session: create a HTTP session to a server</doc>
<arguments>
<arg>alias=${ALIAS}</arg>
<arg>url=${BOT_CORE_SERVICE}</arg>
</arguments>
<msg timestamp="20220725 10:09:05.187" level="INFO">Creating Session using : alias=eKYC, url=https://api-preprod.tcrb-onlinebanking-privated-bottech.com, headers={},                     cookies={}, auth=None, timeout=None, proxies=None, verify=False,                     debug=0 </msg>
<status status="PASS" starttime="20220725 10:09:05.186" endtime="20220725 10:09:05.187"></status>
</kw>
<kw name="Create Dictionary" library="BuiltIn">
<doc>Creates and returns a dictionary based on the given ``items``.</doc>
<arguments>
<arg>cid=uF6ywXRW2IKSo3hJmOWYZ9AX81kSBjM0OXqi71ilnHrKwBAN66r4S0I=</arg>
<arg>process_id=00001</arg>
<arg>image_source=xxxxxxxxx</arg>
</arguments>
<assign>
<var>&amp;{body}</var>
</assign>
<msg timestamp="20220725 10:09:05.188" level="INFO">&amp;{body} = { cid=uF6ywXRW2IKSo3hJmOWYZ9AX81kSBjM0OXqi71ilnHrKwBAN66r4S0I= | process_id=00001 | image_source=xxxxxxxxx }</msg>
<status status="PASS" starttime="20220725 10:09:05.188" endtime="20220725 10:09:05.188"></status>
</kw>
<kw name="Post On Session" library="RequestsLibrary">
<doc>Sends a POST request on a previously created HTTP Session.</doc>
<arguments>
<arg>alias=${ALIAS}</arg>
<arg>url=${URI_FACIAL_AUTHEN}</arg>
<arg>headers=&amp;{HEADER_FACIAL_AUTHEN}</arg>
<arg>json=${body}</arg>
<arg>expected_status=anything</arg>
</arguments>
<assign>
<var>${response}</var>
</assign>
<msg timestamp="20220725 10:09:05.462" level="INFO">POST Request : url=https://api-preprod.tcrb-onlinebanking-privated-bottech.com/tcrb-platform-apipartner/v1/facial/authen 
 path_url=/tcrb-platform-apipartner/v1/facial/authen 
 headers={'User-Agent': 'python-requests/2.25.1', 'Accept-Encoding': 'gzip, deflate', 'Accept': '*/*', 'Connection': 'keep-alive', 'X-Correlation-Id': 'QA', 'partner-code': 'TCMB', 'partner-secret': 'fhTsEsQUXf3Ic/fULd75MTM9mxkzz/M9ciJa9oiZcC9sYwaVtqU9jouOFDoexB/8TlU4L7PwyCKfDzkGCBSma15plVUSdArijeRFt2cEIm6RZxQIaa8FyFz2jfhUWl1P9laNjH8UN/vhHwo5WP+hwTjyfrz9UPGPJnm7bXFRkXfJ0Bk7gGEgHOFgAJkqCL6wVLF1s1DqFjm5K2LG7HB2hqi2GXNKyce6fcUz575y2KzkEcvFH7/wiGiDY0VPzf0=', 'x-apigw-api-id': 'es59o179ie', 'Content-Length': '119', 'Content-Type': 'application/json'} 
 body=b'{"cid": "uF6ywXRW2IKSo3hJmOWYZ9AX81kSBjM0OXqi71ilnHrKwBAN66r4S0I=", "process_id": "00001", "image_source": "xxxxxxxxx"}' 
 </msg>
<msg timestamp="20220725 10:09:05.462" level="INFO">POST Response : url=https://api-preprod.tcrb-onlinebanking-privated-bottech.com/tcrb-platform-apipartner/v1/facial/authen 
 status=500, reason=Internal Server Error 
 headers={'Date': 'Mon, 25 Jul 2022 03:09:05 GMT', 'Content-Type': 'application/json', 'Content-Length': '301', 'Connection': 'keep-alive', 'Server': 'Server', 'x-amzn-RequestId': '4d871692-9767-4d2b-9ea1-8be1f8814b1a', 'x-amz-apigw-id': 'VzZkvHfQyQ0Feqg=', 'X-Amzn-Trace-Id': 'Root=1-62de0951-1317b3f14c2f157e66c521e9'} 
 body={"status":{"code":"5001","message":"System Error","remark":"com.sun.crypto.provider.GaloisCounterMode(-1) : javax.crypto.AEADBadTagException: Tag mismatch!","user_code":"E5001","user_message_en":"System Error","user_message_th":"ระบบเกิดความผิดพลาด"},"data":null} 
 </msg>
<msg timestamp="20220725 10:09:05.462" level="INFO">/Library/Frameworks/Python.framework/Versions/3.9/lib/python3.9/site-packages/urllib3/connectionpool.py:1013: InsecureRequestWarning: Unverified HTTPS request is being made to host 'api-preprod.tcrb-onlinebanking-privated-bottech.com'. Adding certificate verification is strongly advised. See: https://urllib3.readthedocs.io/en/latest/advanced-usage.html#ssl-warnings
  warnings.warn(</msg>
<msg timestamp="20220725 10:09:05.462" level="INFO">${response} = &lt;Response [500]&gt;</msg>
<status status="PASS" starttime="20220725 10:09:05.188" endtime="20220725 10:09:05.462"></status>
</kw>
<kw name="Set Global Variable" library="BuiltIn">
<doc>Makes a variable available globally in all tests and suites.</doc>
<arguments>
<arg>${RESPONSE_CODE}</arg>
<arg>${response.json()["status"]["code"]}</arg>
</arguments>
<msg timestamp="20220725 10:09:05.463" level="INFO">${RESPONSE_CODE} = 5001</msg>
<status status="PASS" starttime="20220725 10:09:05.463" endtime="20220725 10:09:05.464"></status>
</kw>
<kw name="Set Global Variable" library="BuiltIn">
<doc>Makes a variable available globally in all tests and suites.</doc>
<arguments>
<arg>${RESPONSE_MESSAGE}</arg>
<arg>${response.json()["status"]["message"]}</arg>
</arguments>
<msg timestamp="20220725 10:09:05.465" level="INFO">${RESPONSE_MESSAGE} = System Error</msg>
<status status="PASS" starttime="20220725 10:09:05.464" endtime="20220725 10:09:05.465"></status>
</kw>
<kw name="Set Global Variable" library="BuiltIn">
<doc>Makes a variable available globally in all tests and suites.</doc>
<arguments>
<arg>${RESPONSE_REMARK}</arg>
<arg>${response.json()["status"]["remark"]}</arg>
</arguments>
<msg timestamp="20220725 10:09:05.466" level="INFO">${RESPONSE_REMARK} = com.sun.crypto.provider.GaloisCounterMode(-1) : javax.crypto.AEADBadTagException: Tag mismatch!</msg>
<status status="PASS" starttime="20220725 10:09:05.465" endtime="20220725 10:09:05.466"></status>
</kw>
<kw name="Set Global Variable" library="BuiltIn">
<doc>Makes a variable available globally in all tests and suites.</doc>
<arguments>
<arg>${RESPONSE_API}</arg>
<arg>${response.content}</arg>
</arguments>
<msg timestamp="20220725 10:09:05.467" level="INFO">${RESPONSE_API} = {"status":{"code":"5001","message":"System Error","remark":"com.sun.crypto.provider.GaloisCounterMode(-1) : javax.crypto.AEADBadTagException: Tag mismatch!","user_code":"E5001","user_message_en":"Syst...</msg>
<status status="PASS" starttime="20220725 10:09:05.467" endtime="20220725 10:09:05.468"></status>
</kw>
<kw name="Set Global Variable" library="BuiltIn">
<doc>Makes a variable available globally in all tests and suites.</doc>
<arguments>
<arg>${RESPONSE_USERCODE}</arg>
<arg>${response.json()["status"]["user_code"]}</arg>
</arguments>
<msg timestamp="20220725 10:09:05.469" level="INFO">${RESPONSE_USERCODE} = E5001</msg>
<status status="PASS" starttime="20220725 10:09:05.468" endtime="20220725 10:09:05.470"></status>
</kw>
<kw name="Set Global Variable" library="BuiltIn">
<doc>Makes a variable available globally in all tests and suites.</doc>
<arguments>
<arg>${RESPONSE_USER_EN}</arg>
<arg>${response.json()["status"]["user_message_en"]}</arg>
</arguments>
<msg timestamp="20220725 10:09:05.471" level="INFO">${RESPONSE_USER_EN} = System Error</msg>
<status status="PASS" starttime="20220725 10:09:05.470" endtime="20220725 10:09:05.471"></status>
</kw>
<kw name="Set Global Variable" library="BuiltIn">
<doc>Makes a variable available globally in all tests and suites.</doc>
<arguments>
<arg>${RESPONSE_USER_TH}</arg>
<arg>${response.json()["status"]["user_message_th"]}</arg>
</arguments>
<msg timestamp="20220725 10:09:05.472" level="INFO">${RESPONSE_USER_TH} = ระบบเกิดความผิดพลาด</msg>
<status status="PASS" starttime="20220725 10:09:05.472" endtime="20220725 10:09:05.473"></status>
</kw>
<status status="PASS" starttime="20220725 10:09:05.185" endtime="20220725 10:09:05.473"></status>
</kw>
<kw name="${index} = 2" type="foritem">
<kw name="Set To Dictionary" library="Collections">
<doc>Adds the given ``key_value_pairs`` and ``items`` to the ``dictionary``.</doc>
<arguments>
<arg>${HEADER_FACIAL_AUTHEN}</arg>
<arg>partner-secret=${GET_PARTNER_SECRET}</arg>
</arguments>
<status status="PASS" starttime="20220725 10:09:05.473" endtime="20220725 10:09:05.473"></status>
</kw>
<kw name="Create Session" library="RequestsLibrary">
<doc>Create Session: create a HTTP session to a server</doc>
<arguments>
<arg>alias=${ALIAS}</arg>
<arg>url=${BOT_CORE_SERVICE}</arg>
</arguments>
<msg timestamp="20220725 10:09:05.474" level="INFO">Creating Session using : alias=eKYC, url=https://api-preprod.tcrb-onlinebanking-privated-bottech.com, headers={},                     cookies={}, auth=None, timeout=None, proxies=None, verify=False,                     debug=0 </msg>
<status status="PASS" starttime="20220725 10:09:05.474" endtime="20220725 10:09:05.474"></status>
</kw>
<kw name="Create Dictionary" library="BuiltIn">
<doc>Creates and returns a dictionary based on the given ``items``.</doc>
<arguments>
<arg>cid=uF6ywXRW2IKSo3hJmOWYZ9AX81kSBjM0OXqi71ilnHrKwBAN66r4S0I=</arg>
<arg>process_id=00001</arg>
<arg>image_source=xxxxxxxxx</arg>
</arguments>
<assign>
<var>&amp;{body}</var>
</assign>
<msg timestamp="20220725 10:09:05.475" level="INFO">&amp;{body} = { cid=uF6ywXRW2IKSo3hJmOWYZ9AX81kSBjM0OXqi71ilnHrKwBAN66r4S0I= | process_id=00001 | image_source=xxxxxxxxx }</msg>
<status status="PASS" starttime="20220725 10:09:05.475" endtime="20220725 10:09:05.476"></status>
</kw>
<kw name="Post On Session" library="RequestsLibrary">
<doc>Sends a POST request on a previously created HTTP Session.</doc>
<arguments>
<arg>alias=${ALIAS}</arg>
<arg>url=${URI_FACIAL_AUTHEN}</arg>
<arg>headers=&amp;{HEADER_FACIAL_AUTHEN}</arg>
<arg>json=${body}</arg>
<arg>expected_status=anything</arg>
</arguments>
<assign>
<var>${response}</var>
</assign>
<msg timestamp="20220725 10:09:05.769" level="INFO">POST Request : url=https://api-preprod.tcrb-onlinebanking-privated-bottech.com/tcrb-platform-apipartner/v1/facial/authen 
 path_url=/tcrb-platform-apipartner/v1/facial/authen 
 headers={'User-Agent': 'python-requests/2.25.1', 'Accept-Encoding': 'gzip, deflate', 'Accept': '*/*', 'Connection': 'keep-alive', 'X-Correlation-Id': 'QA', 'partner-code': 'TCMB', 'partner-secret': 'fhTsEsQUXf3Ic/fULd75MTM9mxkzz/M9ciJa9oiZcC9sYwaVtqU9jouOFDoexB/8TlU4L7PwyCKfDzkGCBSma15plVUSdArijeRFt2cEIm6RZxQIaa8FyFz2jfhUWl1P9laNjH8UN/vhHwo5WP+hwTjyfrz9UPGPJnm7bXFRkXfJ0Bk7gGEgHOFgAJkqCL6wVLF1s1DqFjm5K2LG7HB2hqi2GXNKyce6fcUz575y2KzkEcvFH7/wiGiDY0VPzf0=', 'x-apigw-api-id': 'es59o179ie', 'Content-Length': '119', 'Content-Type': 'application/json'} 
 body=b'{"cid": "uF6ywXRW2IKSo3hJmOWYZ9AX81kSBjM0OXqi71ilnHrKwBAN66r4S0I=", "process_id": "00001", "image_source": "xxxxxxxxx"}' 
 </msg>
<msg timestamp="20220725 10:09:05.769" level="INFO">POST Response : url=https://api-preprod.tcrb-onlinebanking-privated-bottech.com/tcrb-platform-apipartner/v1/facial/authen 
 status=500, reason=Internal Server Error 
 headers={'Date': 'Mon, 25 Jul 2022 03:09:05 GMT', 'Content-Type': 'application/json', 'Content-Length': '301', 'Connection': 'keep-alive', 'Server': 'Server', 'x-amzn-RequestId': '3e7e3ea6-6510-49bb-b5dd-9cd868dfe409', 'x-amz-apigw-id': 'VzZkyHM6yQ0FV6w=', 'X-Amzn-Trace-Id': 'Root=1-62de0951-7848985d4fec59023ea2c340'} 
 body={"status":{"code":"5001","message":"System Error","remark":"com.sun.crypto.provider.GaloisCounterMode(-1) : javax.crypto.AEADBadTagException: Tag mismatch!","user_code":"E5001","user_message_en":"System Error","user_message_th":"ระบบเกิดความผิดพลาด"},"data":null} 
 </msg>
<msg timestamp="20220725 10:09:05.770" level="INFO">/Library/Frameworks/Python.framework/Versions/3.9/lib/python3.9/site-packages/urllib3/connectionpool.py:1013: InsecureRequestWarning: Unverified HTTPS request is being made to host 'api-preprod.tcrb-onlinebanking-privated-bottech.com'. Adding certificate verification is strongly advised. See: https://urllib3.readthedocs.io/en/latest/advanced-usage.html#ssl-warnings
  warnings.warn(</msg>
<msg timestamp="20220725 10:09:05.770" level="INFO">${response} = &lt;Response [500]&gt;</msg>
<status status="PASS" starttime="20220725 10:09:05.476" endtime="20220725 10:09:05.770"></status>
</kw>
<kw name="Set Global Variable" library="BuiltIn">
<doc>Makes a variable available globally in all tests and suites.</doc>
<arguments>
<arg>${RESPONSE_CODE}</arg>
<arg>${response.json()["status"]["code"]}</arg>
</arguments>
<msg timestamp="20220725 10:09:05.771" level="INFO">${RESPONSE_CODE} = 5001</msg>
<status status="PASS" starttime="20220725 10:09:05.770" endtime="20220725 10:09:05.771"></status>
</kw>
<kw name="Set Global Variable" library="BuiltIn">
<doc>Makes a variable available globally in all tests and suites.</doc>
<arguments>
<arg>${RESPONSE_MESSAGE}</arg>
<arg>${response.json()["status"]["message"]}</arg>
</arguments>
<msg timestamp="20220725 10:09:05.772" level="INFO">${RESPONSE_MESSAGE} = System Error</msg>
<status status="PASS" starttime="20220725 10:09:05.771" endtime="20220725 10:09:05.772"></status>
</kw>
<kw name="Set Global Variable" library="BuiltIn">
<doc>Makes a variable available globally in all tests and suites.</doc>
<arguments>
<arg>${RESPONSE_REMARK}</arg>
<arg>${response.json()["status"]["remark"]}</arg>
</arguments>
<msg timestamp="20220725 10:09:05.773" level="INFO">${RESPONSE_REMARK} = com.sun.crypto.provider.GaloisCounterMode(-1) : javax.crypto.AEADBadTagException: Tag mismatch!</msg>
<status status="PASS" starttime="20220725 10:09:05.773" endtime="20220725 10:09:05.773"></status>
</kw>
<kw name="Set Global Variable" library="BuiltIn">
<doc>Makes a variable available globally in all tests and suites.</doc>
<arguments>
<arg>${RESPONSE_API}</arg>
<arg>${response.content}</arg>
</arguments>
<msg timestamp="20220725 10:09:05.774" level="INFO">${RESPONSE_API} = {"status":{"code":"5001","message":"System Error","remark":"com.sun.crypto.provider.GaloisCounterMode(-1) : javax.crypto.AEADBadTagException: Tag mismatch!","user_code":"E5001","user_message_en":"Syst...</msg>
<status status="PASS" starttime="20220725 10:09:05.774" endtime="20220725 10:09:05.774"></status>
</kw>
<kw name="Set Global Variable" library="BuiltIn">
<doc>Makes a variable available globally in all tests and suites.</doc>
<arguments>
<arg>${RESPONSE_USERCODE}</arg>
<arg>${response.json()["status"]["user_code"]}</arg>
</arguments>
<msg timestamp="20220725 10:09:05.775" level="INFO">${RESPONSE_USERCODE} = E5001</msg>
<status status="PASS" starttime="20220725 10:09:05.775" endtime="20220725 10:09:05.775"></status>
</kw>
<kw name="Set Global Variable" library="BuiltIn">
<doc>Makes a variable available globally in all tests and suites.</doc>
<arguments>
<arg>${RESPONSE_USER_EN}</arg>
<arg>${response.json()["status"]["user_message_en"]}</arg>
</arguments>
<msg timestamp="20220725 10:09:05.777" level="INFO">${RESPONSE_USER_EN} = System Error</msg>
<status status="PASS" starttime="20220725 10:09:05.776" endtime="20220725 10:09:05.777"></status>
</kw>
<kw name="Set Global Variable" library="BuiltIn">
<doc>Makes a variable available globally in all tests and suites.</doc>
<arguments>
<arg>${RESPONSE_USER_TH}</arg>
<arg>${response.json()["status"]["user_message_th"]}</arg>
</arguments>
<msg timestamp="20220725 10:09:05.778" level="INFO">${RESPONSE_USER_TH} = ระบบเกิดความผิดพลาด</msg>
<status status="PASS" starttime="20220725 10:09:05.777" endtime="20220725 10:09:05.778"></status>
</kw>
<status status="PASS" starttime="20220725 10:09:05.473" endtime="20220725 10:09:05.778"></status>
</kw>
<kw name="${index} = 3" type="foritem">
<kw name="Set To Dictionary" library="Collections">
<doc>Adds the given ``key_value_pairs`` and ``items`` to the ``dictionary``.</doc>
<arguments>
<arg>${HEADER_FACIAL_AUTHEN}</arg>
<arg>partner-secret=${GET_PARTNER_SECRET}</arg>
</arguments>
<status status="PASS" starttime="20220725 10:09:05.778" endtime="20220725 10:09:05.779"></status>
</kw>
<kw name="Create Session" library="RequestsLibrary">
<doc>Create Session: create a HTTP session to a server</doc>
<arguments>
<arg>alias=${ALIAS}</arg>
<arg>url=${BOT_CORE_SERVICE}</arg>
</arguments>
<msg timestamp="20220725 10:09:05.780" level="INFO">Creating Session using : alias=eKYC, url=https://api-preprod.tcrb-onlinebanking-privated-bottech.com, headers={},                     cookies={}, auth=None, timeout=None, proxies=None, verify=False,                     debug=0 </msg>
<status status="PASS" starttime="20220725 10:09:05.779" endtime="20220725 10:09:05.780"></status>
</kw>
<kw name="Create Dictionary" library="BuiltIn">
<doc>Creates and returns a dictionary based on the given ``items``.</doc>
<arguments>
<arg>cid=uF6ywXRW2IKSo3hJmOWYZ9AX81kSBjM0OXqi71ilnHrKwBAN66r4S0I=</arg>
<arg>process_id=00001</arg>
<arg>image_source=xxxxxxxxx</arg>
</arguments>
<assign>
<var>&amp;{body}</var>
</assign>
<msg timestamp="20220725 10:09:05.780" level="INFO">&amp;{body} = { cid=uF6ywXRW2IKSo3hJmOWYZ9AX81kSBjM0OXqi71ilnHrKwBAN66r4S0I= | process_id=00001 | image_source=xxxxxxxxx }</msg>
<status status="PASS" starttime="20220725 10:09:05.780" endtime="20220725 10:09:05.780"></status>
</kw>
<kw name="Post On Session" library="RequestsLibrary">
<doc>Sends a POST request on a previously created HTTP Session.</doc>
<arguments>
<arg>alias=${ALIAS}</arg>
<arg>url=${URI_FACIAL_AUTHEN}</arg>
<arg>headers=&amp;{HEADER_FACIAL_AUTHEN}</arg>
<arg>json=${body}</arg>
<arg>expected_status=anything</arg>
</arguments>
<assign>
<var>${response}</var>
</assign>
<msg timestamp="20220725 10:09:06.062" level="INFO">POST Request : url=https://api-preprod.tcrb-onlinebanking-privated-bottech.com/tcrb-platform-apipartner/v1/facial/authen 
 path_url=/tcrb-platform-apipartner/v1/facial/authen 
 headers={'User-Agent': 'python-requests/2.25.1', 'Accept-Encoding': 'gzip, deflate', 'Accept': '*/*', 'Connection': 'keep-alive', 'X-Correlation-Id': 'QA', 'partner-code': 'TCMB', 'partner-secret': 'fhTsEsQUXf3Ic/fULd75MTM9mxkzz/M9ciJa9oiZcC9sYwaVtqU9jouOFDoexB/8TlU4L7PwyCKfDzkGCBSma15plVUSdArijeRFt2cEIm6RZxQIaa8FyFz2jfhUWl1P9laNjH8UN/vhHwo5WP+hwTjyfrz9UPGPJnm7bXFRkXfJ0Bk7gGEgHOFgAJkqCL6wVLF1s1DqFjm5K2LG7HB2hqi2GXNKyce6fcUz575y2KzkEcvFH7/wiGiDY0VPzf0=', 'x-apigw-api-id': 'es59o179ie', 'Content-Length': '119', 'Content-Type': 'application/json'} 
 body=b'{"cid": "uF6ywXRW2IKSo3hJmOWYZ9AX81kSBjM0OXqi71ilnHrKwBAN66r4S0I=", "process_id": "00001", "image_source": "xxxxxxxxx"}' 
 </msg>
<msg timestamp="20220725 10:09:06.062" level="INFO">POST Response : url=https://api-preprod.tcrb-onlinebanking-privated-bottech.com/tcrb-platform-apipartner/v1/facial/authen 
 status=500, reason=Internal Server Error 
 headers={'Date': 'Mon, 25 Jul 2022 03:09:06 GMT', 'Content-Type': 'application/json', 'Content-Length': '301', 'Connection': 'keep-alive', 'Server': 'Server', 'x-amzn-RequestId': 'febe71b1-8afa-4fc2-908a-78ddeaa06339', 'x-amz-apigw-id': 'VzZk1GTPyQ0FhBw=', 'X-Amzn-Trace-Id': 'Root=1-62de0951-0013790704a9320f2d5d4826'} 
 body={"status":{"code":"5001","message":"System Error","remark":"com.sun.crypto.provider.GaloisCounterMode(-1) : javax.crypto.AEADBadTagException: Tag mismatch!","user_code":"E5001","user_message_en":"System Error","user_message_th":"ระบบเกิดความผิดพลาด"},"data":null} 
 </msg>
<msg timestamp="20220725 10:09:06.063" level="INFO">/Library/Frameworks/Python.framework/Versions/3.9/lib/python3.9/site-packages/urllib3/connectionpool.py:1013: InsecureRequestWarning: Unverified HTTPS request is being made to host 'api-preprod.tcrb-onlinebanking-privated-bottech.com'. Adding certificate verification is strongly advised. See: https://urllib3.readthedocs.io/en/latest/advanced-usage.html#ssl-warnings
  warnings.warn(</msg>
<msg timestamp="20220725 10:09:06.063" level="INFO">${response} = &lt;Response [500]&gt;</msg>
<status status="PASS" starttime="20220725 10:09:05.781" endtime="20220725 10:09:06.063"></status>
</kw>
<kw name="Set Global Variable" library="BuiltIn">
<doc>Makes a variable available globally in all tests and suites.</doc>
<arguments>
<arg>${RESPONSE_CODE}</arg>
<arg>${response.json()["status"]["code"]}</arg>
</arguments>
<msg timestamp="20220725 10:09:06.064" level="INFO">${RESPONSE_CODE} = 5001</msg>
<status status="PASS" starttime="20220725 10:09:06.063" endtime="20220725 10:09:06.064"></status>
</kw>
<kw name="Set Global Variable" library="BuiltIn">
<doc>Makes a variable available globally in all tests and suites.</doc>
<arguments>
<arg>${RESPONSE_MESSAGE}</arg>
<arg>${response.json()["status"]["message"]}</arg>
</arguments>
<msg timestamp="20220725 10:09:06.064" level="INFO">${RESPONSE_MESSAGE} = System Error</msg>
<status status="PASS" starttime="20220725 10:09:06.064" endtime="20220725 10:09:06.065"></status>
</kw>
<kw name="Set Global Variable" library="BuiltIn">
<doc>Makes a variable available globally in all tests and suites.</doc>
<arguments>
<arg>${RESPONSE_REMARK}</arg>
<arg>${response.json()["status"]["remark"]}</arg>
</arguments>
<msg timestamp="20220725 10:09:06.065" level="INFO">${RESPONSE_REMARK} = com.sun.crypto.provider.GaloisCounterMode(-1) : javax.crypto.AEADBadTagException: Tag mismatch!</msg>
<status status="PASS" starttime="20220725 10:09:06.065" endtime="20220725 10:09:06.065"></status>
</kw>
<kw name="Set Global Variable" library="BuiltIn">
<doc>Makes a variable available globally in all tests and suites.</doc>
<arguments>
<arg>${RESPONSE_API}</arg>
<arg>${response.content}</arg>
</arguments>
<msg timestamp="20220725 10:09:06.066" level="INFO">${RESPONSE_API} = {"status":{"code":"5001","message":"System Error","remark":"com.sun.crypto.provider.GaloisCounterMode(-1) : javax.crypto.AEADBadTagException: Tag mismatch!","user_code":"E5001","user_message_en":"Syst...</msg>
<status status="PASS" starttime="20220725 10:09:06.066" endtime="20220725 10:09:06.066"></status>
</kw>
<kw name="Set Global Variable" library="BuiltIn">
<doc>Makes a variable available globally in all tests and suites.</doc>
<arguments>
<arg>${RESPONSE_USERCODE}</arg>
<arg>${response.json()["status"]["user_code"]}</arg>
</arguments>
<msg timestamp="20220725 10:09:06.067" level="INFO">${RESPONSE_USERCODE} = E5001</msg>
<status status="PASS" starttime="20220725 10:09:06.066" endtime="20220725 10:09:06.067"></status>
</kw>
<kw name="Set Global Variable" library="BuiltIn">
<doc>Makes a variable available globally in all tests and suites.</doc>
<arguments>
<arg>${RESPONSE_USER_EN}</arg>
<arg>${response.json()["status"]["user_message_en"]}</arg>
</arguments>
<msg timestamp="20220725 10:09:06.068" level="INFO">${RESPONSE_USER_EN} = System Error</msg>
<status status="PASS" starttime="20220725 10:09:06.067" endtime="20220725 10:09:06.068"></status>
</kw>
<kw name="Set Global Variable" library="BuiltIn">
<doc>Makes a variable available globally in all tests and suites.</doc>
<arguments>
<arg>${RESPONSE_USER_TH}</arg>
<arg>${response.json()["status"]["user_message_th"]}</arg>
</arguments>
<msg timestamp="20220725 10:09:06.069" level="INFO">${RESPONSE_USER_TH} = ระบบเกิดความผิดพลาด</msg>
<status status="PASS" starttime="20220725 10:09:06.068" endtime="20220725 10:09:06.069"></status>
</kw>
<status status="PASS" starttime="20220725 10:09:05.778" endtime="20220725 10:09:06.069"></status>
</kw>
<status status="PASS" starttime="20220725 10:09:04.882" endtime="20220725 10:09:06.069"></status>
</kw>
<status status="PASS" starttime="20220725 10:09:04.881" endtime="20220725 10:09:06.069"></status>
</kw>
<status status="PASS" starttime="20220725 10:09:04.881" endtime="20220725 10:09:06.069"></status>
</kw>
<kw name="Check_facial_temp_lock" library="Connect_database_page">
<arguments>
<arg>1100600292875</arg>
</arguments>
<kw name="Gen_cid_hash" library="Connect_database_page">
<arguments>
<arg>${input_cid}</arg>
</arguments>
<kw name="Run Process" library="Process">
<doc>Runs a process and waits for it to complete.</doc>
<arguments>
<arg>java</arg>
<arg>-jar</arg>
<arg>${PATH_JAR_PARTNER}</arg>
<arg>hash</arg>
<arg>${cid}</arg>
<arg>file</arg>
<arg>file</arg>
<arg>alias=myproc</arg>
</arguments>
<msg timestamp="20220725 10:09:06.072" level="INFO">Starting process:
java -jar tcrb-ekyc-partner-1.8.jar hash 1100600292875 file file</msg>
<msg timestamp="20220725 10:09:06.078" level="INFO">Waiting for process to complete.</msg>
<msg timestamp="20220725 10:09:06.177" level="INFO">Process completed.</msg>
<status status="PASS" starttime="20220725 10:09:06.071" endtime="20220725 10:09:06.178"></status>
</kw>
<kw name="Get File" library="OperatingSystem">
<doc>Returns the contents of a specified file.</doc>
<arguments>
<arg>hashing.txt</arg>
</arguments>
<assign>
<var>${TextFileContent}</var>
</assign>
<msg timestamp="20220725 10:09:06.179" level="INFO" html="yes">Getting file '&lt;a href="file:///Users/patcharapol/Documents/GitHub/eKYC_preprod/hashing.txt"&gt;/Users/patcharapol/Documents/GitHub/eKYC_preprod/hashing.txt&lt;/a&gt;'.</msg>
<msg timestamp="20220725 10:09:06.179" level="INFO">${TextFileContent} = 88d903cf1259372980ec75cb3117a215a10f5ba040d33e64fc04164379e9fad1</msg>
<status status="PASS" starttime="20220725 10:09:06.178" endtime="20220725 10:09:06.180"></status>
</kw>
<kw name="Set Global Variable" library="BuiltIn">
<doc>Makes a variable available globally in all tests and suites.</doc>
<arguments>
<arg>${GET_CID_HASH}</arg>
<arg>${TextFileContent}</arg>
</arguments>
<msg timestamp="20220725 10:09:06.181" level="INFO">${GET_CID_HASH} = 88d903cf1259372980ec75cb3117a215a10f5ba040d33e64fc04164379e9fad1</msg>
<status status="PASS" starttime="20220725 10:09:06.180" endtime="20220725 10:09:06.181"></status>
</kw>
<status status="PASS" starttime="20220725 10:09:06.071" endtime="20220725 10:09:06.181"></status>
</kw>
<kw name="Check_temp_lock" library="Connect_database_page">
<arguments>
<arg>${GET_CID_HASH}</arg>
</arguments>
<kw name="Connect To Database" library="DatabaseLibrary">
<doc>Loads the DB API 2.0 module given `dbapiModuleName` then uses it to
connect to the database using `dbName`, `dbUsername`, and `dbPassword`.</doc>
<arguments>
<arg>psycopg2</arg>
<arg>${DBName}</arg>
<arg>${DBUser}</arg>
<arg>${DBPass}</arg>
<arg>${DBHost}</arg>
<arg>${DBPort}</arg>
</arguments>
<msg timestamp="20220725 10:09:06.183" level="INFO">Connecting using : psycopg2.connect(database=bot_v2, user=postgres, password=RDBtxjPqaOmrasU4uNi2, host=tcrb-bot-pprd-db.cluster-cnu8aurcdwzj.ap-southeast-1.rds.amazonaws.com, port=5432) </msg>
<status status="PASS" starttime="20220725 10:09:06.183" endtime="20220725 10:09:06.439"></status>
</kw>
<kw name="Query" library="DatabaseLibrary">
<doc>Uses the input `selectStatement` to query for the values that will be returned as a list of tuples. Set optional
input `sansTran` to True to run command without an explicit transaction commit or rollback.
Set optional input `returnAsDict` to True to return values as a list of dictionaries.</doc>
<arguments>
<arg>SELECT x.* FROM image_db.customer_facial_lock x WHERE x.cid_hash IN ('${input_cid_hash}') AND x.temporary_lock IN (true)</arg>
</arguments>
<assign>
<var>@{queryResults_from_cs_info}</var>
</assign>
<msg timestamp="20220725 10:09:06.440" level="INFO">Executing : Query  |  SELECT x.* FROM image_db.customer_facial_lock x WHERE x.cid_hash IN ('88d903cf1259372980ec75cb3117a215a10f5ba040d33e64fc04164379e9fad1') AND x.temporary_lock IN (true) </msg>
<msg timestamp="20220725 10:09:06.568" level="INFO">@{queryResults_from_cs_info} = [ ]</msg>
<status status="PASS" starttime="20220725 10:09:06.440" endtime="20220725 10:09:06.568"></status>
</kw>
<kw name="Get From List" library="Collections">
<doc>Returns the value specified with an ``index`` from ``list``.</doc>
<arguments>
<arg>@{queryResults_from_cs_info}</arg>
<arg>2</arg>
</arguments>
<assign>
<var>${result_facial_temp_lock}</var>
</assign>
<msg timestamp="20220725 10:09:06.569" level="FAIL">Keyword 'Collections.Get From List' expected 2 arguments, got 1.</msg>
<status status="FAIL" starttime="20220725 10:09:06.568" endtime="20220725 10:09:06.569"></status>
</kw>
<status status="FAIL" starttime="20220725 10:09:06.182" endtime="20220725 10:09:06.569"></status>
</kw>
<status status="FAIL" starttime="20220725 10:09:06.070" endtime="20220725 10:09:06.569"></status>
</kw>
<doc>ทดสอบระบบ Facial authen กรณีถ่ายภาพ Liveness fail จำนวน x ครั้ง และเกิด Temp Lock</doc>
<tags>
<tag>Regression</tag>
</tags>
<status status="FAIL" starttime="20220725 10:09:04.879" endtime="20220725 10:09:06.570" critical="yes">Keyword 'Collections.Get From List' expected 2 arguments, got 1.</status>
</test>
<test id="s1-t3" name="Facial_authen_20">
<kw name="Run Keyword And Ignore Error" library="BuiltIn">
<doc>Runs the given keyword with the given arguments and ignores possible error.</doc>
<arguments>
<arg>Facial_authen_page.Facial_fail_authen</arg>
<arg>4</arg>
</arguments>
<kw name="Facial_fail_authen" library="Facial_authen_page">
<arguments>
<arg>4</arg>
</arguments>
<kw name="Get_data_facial_authen" library="Get_data_excel">
<arguments>
<arg>${row_gen_qrcode}</arg>
</arguments>
<kw name="Open Excel Document" library="ExcelLibrary">
<doc>Opens xlsx document file.</doc>
<arguments>
<arg>filename=${FILE_NAME_QR}</arg>
<arg>doc_id=doc2</arg>
</arguments>
<status status="PASS" starttime="20220725 10:09:06.575" endtime="20220725 10:09:06.663"></status>
</kw>
<kw name="Read Excel Cell" library="ExcelLibrary">
<doc>Returns content of a cell.</doc>
<arguments>
<arg>row_num=${row}</arg>
<arg>col_num=5</arg>
<arg>sheet_name=Facial_authen</arg>
</arguments>
<assign>
<var>${get_cid}</var>
</assign>
<msg timestamp="20220725 10:09:06.664" level="INFO">${get_cid} = jzoyaYvHxfMTTtRy9N/8jwBmZHBm3l6IkCmNcawbA8haeGlrOTb8Gpo=</msg>
<status status="PASS" starttime="20220725 10:09:06.663" endtime="20220725 10:09:06.664"></status>
</kw>
<kw name="Read Excel Cell" library="ExcelLibrary">
<doc>Returns content of a cell.</doc>
<arguments>
<arg>row_num=${row}</arg>
<arg>col_num=6</arg>
<arg>sheet_name=Facial_authen</arg>
</arguments>
<assign>
<var>${get_process_id}</var>
</assign>
<msg timestamp="20220725 10:09:06.665" level="INFO">${get_process_id} = 002</msg>
<status status="PASS" starttime="20220725 10:09:06.664" endtime="20220725 10:09:06.665"></status>
</kw>
<kw name="Read Excel Cell" library="ExcelLibrary">
<doc>Returns content of a cell.</doc>
<arguments>
<arg>row_num=${row}</arg>
<arg>col_num=7</arg>
<arg>sheet_name=Facial_authen</arg>
</arguments>
<assign>
<var>${get_base64}</var>
</assign>
<msg timestamp="20220725 10:09:06.665" level="INFO">${get_base64} = AUTHEN_13</msg>
<status status="PASS" starttime="20220725 10:09:06.665" endtime="20220725 10:09:06.665"></status>
</kw>
<kw name="Read Excel Cell" library="ExcelLibrary">
<doc>Returns content of a cell.</doc>
<arguments>
<arg>row_num=${row}</arg>
<arg>col_num=20</arg>
<arg>sheet_name=Facial_authen</arg>
</arguments>
<assign>
<var>${jira}</var>
</assign>
<msg timestamp="20220725 10:09:06.666" level="INFO">${jira} = PASS</msg>
<status status="PASS" starttime="20220725 10:09:06.666" endtime="20220725 10:09:06.666"></status>
</kw>
<kw name="Set Global Variable" library="BuiltIn">
<doc>Makes a variable available globally in all tests and suites.</doc>
<arguments>
<arg>${GET_PROCESS_ID}</arg>
<arg>${get_process_id}</arg>
</arguments>
<msg timestamp="20220725 10:09:06.667" level="INFO">${GET_PROCESS_ID} = 002</msg>
<status status="PASS" starttime="20220725 10:09:06.666" endtime="20220725 10:09:06.667"></status>
</kw>
<kw name="Set Global Variable" library="BuiltIn">
<doc>Makes a variable available globally in all tests and suites.</doc>
<arguments>
<arg>${GET_CID}</arg>
<arg>${get_cid}</arg>
</arguments>
<msg timestamp="20220725 10:09:06.667" level="INFO">${GET_CID} = jzoyaYvHxfMTTtRy9N/8jwBmZHBm3l6IkCmNcawbA8haeGlrOTb8Gpo=</msg>
<status status="PASS" starttime="20220725 10:09:06.667" endtime="20220725 10:09:06.667"></status>
</kw>
<kw name="Set Global Variable" library="BuiltIn">
<doc>Makes a variable available globally in all tests and suites.</doc>
<arguments>
<arg>${BASE64}</arg>
<arg>${get_base64}</arg>
</arguments>
<msg timestamp="20220725 10:09:06.670" level="INFO">${BASE64} = AUTHEN_13</msg>
<status status="PASS" starttime="20220725 10:09:06.668" endtime="20220725 10:09:06.670"></status>
</kw>
<kw name="Set Global Variable" library="BuiltIn">
<doc>Makes a variable available globally in all tests and suites.</doc>
<arguments>
<arg>${JIRA_CARD_NUMBER}</arg>
<arg>${jira}</arg>
</arguments>
<msg timestamp="20220725 10:09:06.672" level="INFO">${JIRA_CARD_NUMBER} = PASS</msg>
<status status="PASS" starttime="20220725 10:09:06.670" endtime="20220725 10:09:06.672"></status>
</kw>
<kw name="Close All Excel Documents" library="ExcelLibrary">
<doc>Closes all opened documents.</doc>
<status status="PASS" starttime="20220725 10:09:06.673" endtime="20220725 10:09:06.673"></status>
</kw>
<status status="PASS" starttime="20220725 10:09:06.574" endtime="20220725 10:09:06.673"></status>
</kw>
<kw name="Set To Dictionary" library="Collections">
<doc>Adds the given ``key_value_pairs`` and ``items`` to the ``dictionary``.</doc>
<arguments>
<arg>${HEADER_FACIAL_AUTHEN}</arg>
<arg>partner-secret=${GET_PARTNER_SECRET}</arg>
</arguments>
<status status="PASS" starttime="20220725 10:09:06.673" endtime="20220725 10:09:06.673"></status>
</kw>
<kw name="Create Session" library="RequestsLibrary">
<doc>Create Session: create a HTTP session to a server</doc>
<arguments>
<arg>alias=${ALIAS}</arg>
<arg>url=${BOT_CORE_SERVICE}</arg>
</arguments>
<msg timestamp="20220725 10:09:06.674" level="INFO">Creating Session using : alias=eKYC, url=https://api-preprod.tcrb-onlinebanking-privated-bottech.com, headers={},                     cookies={}, auth=None, timeout=None, proxies=None, verify=False,                     debug=0 </msg>
<status status="PASS" starttime="20220725 10:09:06.673" endtime="20220725 10:09:06.674"></status>
</kw>
<kw name="Create Dictionary" library="BuiltIn">
<doc>Creates and returns a dictionary based on the given ``items``.</doc>
<arguments>
<arg>cid=${GET_CID}</arg>
<arg>image_source=${FR_AUTHEN_FAIL}</arg>
<arg>process_id=${GET_PROCESS_ID}</arg>
</arguments>
<assign>
<var>&amp;{body}</var>
</assign>
<msg timestamp="20220725 10:09:06.677" level="FAIL">Variable '${FR_AUTHEN_FAIL}' not found.</msg>
<status status="FAIL" starttime="20220725 10:09:06.675" endtime="20220725 10:09:06.677"></status>
</kw>
<status status="FAIL" starttime="20220725 10:09:06.573" endtime="20220725 10:09:06.677"></status>
</kw>
<status status="PASS" starttime="20220725 10:09:06.573" endtime="20220725 10:09:06.677"></status>
</kw>
<kw name="Run Keyword And Ignore Error" library="BuiltIn">
<doc>Runs the given keyword with the given arguments and ignores possible error.</doc>
<arguments>
<arg>Facial_authen_page.Facial_fail_authen</arg>
<arg>4</arg>
</arguments>
<kw name="Facial_fail_authen" library="Facial_authen_page">
<arguments>
<arg>4</arg>
</arguments>
<kw name="Get_data_facial_authen" library="Get_data_excel">
<arguments>
<arg>${row_gen_qrcode}</arg>
</arguments>
<kw name="Open Excel Document" library="ExcelLibrary">
<doc>Opens xlsx document file.</doc>
<arguments>
<arg>filename=${FILE_NAME_QR}</arg>
<arg>doc_id=doc2</arg>
</arguments>
<status status="PASS" starttime="20220725 10:09:06.679" endtime="20220725 10:09:06.761"></status>
</kw>
<kw name="Read Excel Cell" library="ExcelLibrary">
<doc>Returns content of a cell.</doc>
<arguments>
<arg>row_num=${row}</arg>
<arg>col_num=5</arg>
<arg>sheet_name=Facial_authen</arg>
</arguments>
<assign>
<var>${get_cid}</var>
</assign>
<msg timestamp="20220725 10:09:06.762" level="INFO">${get_cid} = jzoyaYvHxfMTTtRy9N/8jwBmZHBm3l6IkCmNcawbA8haeGlrOTb8Gpo=</msg>
<status status="PASS" starttime="20220725 10:09:06.761" endtime="20220725 10:09:06.762"></status>
</kw>
<kw name="Read Excel Cell" library="ExcelLibrary">
<doc>Returns content of a cell.</doc>
<arguments>
<arg>row_num=${row}</arg>
<arg>col_num=6</arg>
<arg>sheet_name=Facial_authen</arg>
</arguments>
<assign>
<var>${get_process_id}</var>
</assign>
<msg timestamp="20220725 10:09:06.763" level="INFO">${get_process_id} = 002</msg>
<status status="PASS" starttime="20220725 10:09:06.762" endtime="20220725 10:09:06.763"></status>
</kw>
<kw name="Read Excel Cell" library="ExcelLibrary">
<doc>Returns content of a cell.</doc>
<arguments>
<arg>row_num=${row}</arg>
<arg>col_num=7</arg>
<arg>sheet_name=Facial_authen</arg>
</arguments>
<assign>
<var>${get_base64}</var>
</assign>
<msg timestamp="20220725 10:09:06.763" level="INFO">${get_base64} = AUTHEN_13</msg>
<status status="PASS" starttime="20220725 10:09:06.763" endtime="20220725 10:09:06.763"></status>
</kw>
<kw name="Read Excel Cell" library="ExcelLibrary">
<doc>Returns content of a cell.</doc>
<arguments>
<arg>row_num=${row}</arg>
<arg>col_num=20</arg>
<arg>sheet_name=Facial_authen</arg>
</arguments>
<assign>
<var>${jira}</var>
</assign>
<msg timestamp="20220725 10:09:06.764" level="INFO">${jira} = PASS</msg>
<status status="PASS" starttime="20220725 10:09:06.763" endtime="20220725 10:09:06.764"></status>
</kw>
<kw name="Set Global Variable" library="BuiltIn">
<doc>Makes a variable available globally in all tests and suites.</doc>
<arguments>
<arg>${GET_PROCESS_ID}</arg>
<arg>${get_process_id}</arg>
</arguments>
<msg timestamp="20220725 10:09:06.764" level="INFO">${GET_PROCESS_ID} = 002</msg>
<status status="PASS" starttime="20220725 10:09:06.764" endtime="20220725 10:09:06.764"></status>
</kw>
<kw name="Set Global Variable" library="BuiltIn">
<doc>Makes a variable available globally in all tests and suites.</doc>
<arguments>
<arg>${GET_CID}</arg>
<arg>${get_cid}</arg>
</arguments>
<msg timestamp="20220725 10:09:06.765" level="INFO">${GET_CID} = jzoyaYvHxfMTTtRy9N/8jwBmZHBm3l6IkCmNcawbA8haeGlrOTb8Gpo=</msg>
<status status="PASS" starttime="20220725 10:09:06.764" endtime="20220725 10:09:06.765"></status>
</kw>
<kw name="Set Global Variable" library="BuiltIn">
<doc>Makes a variable available globally in all tests and suites.</doc>
<arguments>
<arg>${BASE64}</arg>
<arg>${get_base64}</arg>
</arguments>
<msg timestamp="20220725 10:09:06.765" level="INFO">${BASE64} = AUTHEN_13</msg>
<status status="PASS" starttime="20220725 10:09:06.765" endtime="20220725 10:09:06.765"></status>
</kw>
<kw name="Set Global Variable" library="BuiltIn">
<doc>Makes a variable available globally in all tests and suites.</doc>
<arguments>
<arg>${JIRA_CARD_NUMBER}</arg>
<arg>${jira}</arg>
</arguments>
<msg timestamp="20220725 10:09:06.766" level="INFO">${JIRA_CARD_NUMBER} = PASS</msg>
<status status="PASS" starttime="20220725 10:09:06.766" endtime="20220725 10:09:06.766"></status>
</kw>
<kw name="Close All Excel Documents" library="ExcelLibrary">
<doc>Closes all opened documents.</doc>
<status status="PASS" starttime="20220725 10:09:06.766" endtime="20220725 10:09:06.766"></status>
</kw>
<status status="PASS" starttime="20220725 10:09:06.678" endtime="20220725 10:09:06.766"></status>
</kw>
<kw name="Set To Dictionary" library="Collections">
<doc>Adds the given ``key_value_pairs`` and ``items`` to the ``dictionary``.</doc>
<arguments>
<arg>${HEADER_FACIAL_AUTHEN}</arg>
<arg>partner-secret=${GET_PARTNER_SECRET}</arg>
</arguments>
<status status="PASS" starttime="20220725 10:09:06.766" endtime="20220725 10:09:06.767"></status>
</kw>
<kw name="Create Session" library="RequestsLibrary">
<doc>Create Session: create a HTTP session to a server</doc>
<arguments>
<arg>alias=${ALIAS}</arg>
<arg>url=${BOT_CORE_SERVICE}</arg>
</arguments>
<msg timestamp="20220725 10:09:06.767" level="INFO">Creating Session using : alias=eKYC, url=https://api-preprod.tcrb-onlinebanking-privated-bottech.com, headers={},                     cookies={}, auth=None, timeout=None, proxies=None, verify=False,                     debug=0 </msg>
<status status="PASS" starttime="20220725 10:09:06.767" endtime="20220725 10:09:06.768"></status>
</kw>
<kw name="Create Dictionary" library="BuiltIn">
<doc>Creates and returns a dictionary based on the given ``items``.</doc>
<arguments>
<arg>cid=${GET_CID}</arg>
<arg>image_source=${FR_AUTHEN_FAIL}</arg>
<arg>process_id=${GET_PROCESS_ID}</arg>
</arguments>
<assign>
<var>&amp;{body}</var>
</assign>
<msg timestamp="20220725 10:09:06.770" level="FAIL">Variable '${FR_AUTHEN_FAIL}' not found.</msg>
<status status="FAIL" starttime="20220725 10:09:06.768" endtime="20220725 10:09:06.770"></status>
</kw>
<status status="FAIL" starttime="20220725 10:09:06.678" endtime="20220725 10:09:06.771"></status>
</kw>
<status status="PASS" starttime="20220725 10:09:06.677" endtime="20220725 10:09:06.771"></status>
</kw>
<kw name="Run Keyword And Ignore Error" library="BuiltIn">
<doc>Runs the given keyword with the given arguments and ignores possible error.</doc>
<arguments>
<arg>Facial_authen_page.Facial_fail_authen</arg>
<arg>4</arg>
</arguments>
<kw name="Facial_fail_authen" library="Facial_authen_page">
<arguments>
<arg>4</arg>
</arguments>
<kw name="Get_data_facial_authen" library="Get_data_excel">
<arguments>
<arg>${row_gen_qrcode}</arg>
</arguments>
<kw name="Open Excel Document" library="ExcelLibrary">
<doc>Opens xlsx document file.</doc>
<arguments>
<arg>filename=${FILE_NAME_QR}</arg>
<arg>doc_id=doc2</arg>
</arguments>
<status status="PASS" starttime="20220725 10:09:06.773" endtime="20220725 10:09:06.853"></status>
</kw>
<kw name="Read Excel Cell" library="ExcelLibrary">
<doc>Returns content of a cell.</doc>
<arguments>
<arg>row_num=${row}</arg>
<arg>col_num=5</arg>
<arg>sheet_name=Facial_authen</arg>
</arguments>
<assign>
<var>${get_cid}</var>
</assign>
<msg timestamp="20220725 10:09:06.855" level="INFO">${get_cid} = jzoyaYvHxfMTTtRy9N/8jwBmZHBm3l6IkCmNcawbA8haeGlrOTb8Gpo=</msg>
<status status="PASS" starttime="20220725 10:09:06.854" endtime="20220725 10:09:06.855"></status>
</kw>
<kw name="Read Excel Cell" library="ExcelLibrary">
<doc>Returns content of a cell.</doc>
<arguments>
<arg>row_num=${row}</arg>
<arg>col_num=6</arg>
<arg>sheet_name=Facial_authen</arg>
</arguments>
<assign>
<var>${get_process_id}</var>
</assign>
<msg timestamp="20220725 10:09:06.856" level="INFO">${get_process_id} = 002</msg>
<status status="PASS" starttime="20220725 10:09:06.855" endtime="20220725 10:09:06.856"></status>
</kw>
<kw name="Read Excel Cell" library="ExcelLibrary">
<doc>Returns content of a cell.</doc>
<arguments>
<arg>row_num=${row}</arg>
<arg>col_num=7</arg>
<arg>sheet_name=Facial_authen</arg>
</arguments>
<assign>
<var>${get_base64}</var>
</assign>
<msg timestamp="20220725 10:09:06.857" level="INFO">${get_base64} = AUTHEN_13</msg>
<status status="PASS" starttime="20220725 10:09:06.856" endtime="20220725 10:09:06.857"></status>
</kw>
<kw name="Read Excel Cell" library="ExcelLibrary">
<doc>Returns content of a cell.</doc>
<arguments>
<arg>row_num=${row}</arg>
<arg>col_num=20</arg>
<arg>sheet_name=Facial_authen</arg>
</arguments>
<assign>
<var>${jira}</var>
</assign>
<msg timestamp="20220725 10:09:06.857" level="INFO">${jira} = PASS</msg>
<status status="PASS" starttime="20220725 10:09:06.857" endtime="20220725 10:09:06.857"></status>
</kw>
<kw name="Set Global Variable" library="BuiltIn">
<doc>Makes a variable available globally in all tests and suites.</doc>
<arguments>
<arg>${GET_PROCESS_ID}</arg>
<arg>${get_process_id}</arg>
</arguments>
<msg timestamp="20220725 10:09:06.858" level="INFO">${GET_PROCESS_ID} = 002</msg>
<status status="PASS" starttime="20220725 10:09:06.857" endtime="20220725 10:09:06.858"></status>
</kw>
<kw name="Set Global Variable" library="BuiltIn">
<doc>Makes a variable available globally in all tests and suites.</doc>
<arguments>
<arg>${GET_CID}</arg>
<arg>${get_cid}</arg>
</arguments>
<msg timestamp="20220725 10:09:06.858" level="INFO">${GET_CID} = jzoyaYvHxfMTTtRy9N/8jwBmZHBm3l6IkCmNcawbA8haeGlrOTb8Gpo=</msg>
<status status="PASS" starttime="20220725 10:09:06.858" endtime="20220725 10:09:06.859"></status>
</kw>
<kw name="Set Global Variable" library="BuiltIn">
<doc>Makes a variable available globally in all tests and suites.</doc>
<arguments>
<arg>${BASE64}</arg>
<arg>${get_base64}</arg>
</arguments>
<msg timestamp="20220725 10:09:06.859" level="INFO">${BASE64} = AUTHEN_13</msg>
<status status="PASS" starttime="20220725 10:09:06.859" endtime="20220725 10:09:06.859"></status>
</kw>
<kw name="Set Global Variable" library="BuiltIn">
<doc>Makes a variable available globally in all tests and suites.</doc>
<arguments>
<arg>${JIRA_CARD_NUMBER}</arg>
<arg>${jira}</arg>
</arguments>
<msg timestamp="20220725 10:09:06.860" level="INFO">${JIRA_CARD_NUMBER} = PASS</msg>
<status status="PASS" starttime="20220725 10:09:06.859" endtime="20220725 10:09:06.860"></status>
</kw>
<kw name="Close All Excel Documents" library="ExcelLibrary">
<doc>Closes all opened documents.</doc>
<status status="PASS" starttime="20220725 10:09:06.860" endtime="20220725 10:09:06.860"></status>
</kw>
<status status="PASS" starttime="20220725 10:09:06.772" endtime="20220725 10:09:06.860"></status>
</kw>
<kw name="Set To Dictionary" library="Collections">
<doc>Adds the given ``key_value_pairs`` and ``items`` to the ``dictionary``.</doc>
<arguments>
<arg>${HEADER_FACIAL_AUTHEN}</arg>
<arg>partner-secret=${GET_PARTNER_SECRET}</arg>
</arguments>
<status status="PASS" starttime="20220725 10:09:06.861" endtime="20220725 10:09:06.861"></status>
</kw>
<kw name="Create Session" library="RequestsLibrary">
<doc>Create Session: create a HTTP session to a server</doc>
<arguments>
<arg>alias=${ALIAS}</arg>
<arg>url=${BOT_CORE_SERVICE}</arg>
</arguments>
<msg timestamp="20220725 10:09:06.862" level="INFO">Creating Session using : alias=eKYC, url=https://api-preprod.tcrb-onlinebanking-privated-bottech.com, headers={},                     cookies={}, auth=None, timeout=None, proxies=None, verify=False,                     debug=0 </msg>
<status status="PASS" starttime="20220725 10:09:06.862" endtime="20220725 10:09:06.862"></status>
</kw>
<kw name="Create Dictionary" library="BuiltIn">
<doc>Creates and returns a dictionary based on the given ``items``.</doc>
<arguments>
<arg>cid=${GET_CID}</arg>
<arg>image_source=${FR_AUTHEN_FAIL}</arg>
<arg>process_id=${GET_PROCESS_ID}</arg>
</arguments>
<assign>
<var>&amp;{body}</var>
</assign>
<msg timestamp="20220725 10:09:06.865" level="FAIL">Variable '${FR_AUTHEN_FAIL}' not found.</msg>
<status status="FAIL" starttime="20220725 10:09:06.863" endtime="20220725 10:09:06.865"></status>
</kw>
<status status="FAIL" starttime="20220725 10:09:06.772" endtime="20220725 10:09:06.866"></status>
</kw>
<status status="PASS" starttime="20220725 10:09:06.771" endtime="20220725 10:09:06.866"></status>
</kw>
<kw name="Connect_database_page.Check_facial_permananceLock_lock">
<arguments>
<arg>1100600292875</arg>
</arguments>
<msg timestamp="20220725 10:09:06.874" level="FAIL">No keyword with name 'Connect_database_page.Check_facial_permananceLock_lock' found.</msg>
<status status="FAIL" starttime="20220725 10:09:06.874" endtime="20220725 10:09:06.874"></status>
</kw>
<doc>ทดสอบระบบ Facial authen กรณีถ่ายภาพ face rec fail จำนวน x ครั้ง และเกิด permanance Lock</doc>
<tags>
<tag>Regression</tag>
</tags>
<status status="FAIL" starttime="20220725 10:09:06.570" endtime="20220725 10:09:06.875" critical="yes">No keyword with name 'Connect_database_page.Check_facial_permananceLock_lock' found.</status>
</test>
<status status="FAIL" starttime="20220725 10:08:58.434" endtime="20220725 10:09:06.876"></status>
</suite>
<statistics>
<total>
<stat pass="0" fail="3">Critical Tests</stat>
<stat pass="0" fail="3">All Tests</stat>
</total>
<tag>
<stat pass="0" fail="3">Regression</stat>
</tag>
<suite>
<stat pass="0" fail="3" id="s1" name="21.Facial new authen">21.Facial new authen</stat>
</suite>
</statistics>
<errors>
<msg timestamp="20220725 10:08:59.216" level="ERROR">Error in file '/Users/patcharapol/Documents/GitHub/eKYC_preprod/api-ekyc/keywords/Facial_authen_page.robot' on line 5: Resource file '../Varriable/img_authen.robot' does not exist.</msg>
<msg timestamp="20220725 10:08:59.223" level="ERROR">Error in file '/Users/patcharapol/Documents/GitHub/eKYC_preprod/api-ekyc/Test case/21.Facial_new_authen.robot' on line 25: Resource file '../keywords/Facial_lock_page.robot' does not exist.</msg>
</errors>
</robot>
